[ 2014-08-28T00:01:27+08:00 ] /v/admin.php | INFO: Tag[ app_begin ] --START--
[ 2014-08-28T00:01:27+08:00 ] /v/admin.php | INFO: Run ReadHtmlCache Behavior [ RunTime:0.001037s ]
[ 2014-08-28T00:01:27+08:00 ] /v/admin.php | INFO: Tag[ app_begin ] --END-- [ RunTime:0.001149s ]
[ 2014-08-28T00:01:27+08:00 ] /v/admin.php | INFO: Tag[ view_template ] --START--
[ 2014-08-28T00:01:27+08:00 ] /v/admin.php | INFO: Run LocationTemplate Behavior [ RunTime:0.001034s ]
[ 2014-08-28T00:01:27+08:00 ] /v/admin.php | INFO: Tag[ view_template ] --END-- [ RunTime:0.001164s ]
[ 2014-08-28T00:01:27+08:00 ] /v/admin.php | INFO: Tag[ view_parse ] --START--
[ 2014-08-28T00:01:27+08:00 ] /v/admin.php | INFO: Run ParseTemplate Behavior [ RunTime:0.011259s ]
[ 2014-08-28T00:01:27+08:00 ] /v/admin.php | INFO: Tag[ view_parse ] --END-- [ RunTime:0.011363s ]
[ 2014-08-28T00:01:27+08:00 ] /v/admin.php | INFO: Tag[ view_filter ] --START--
[ 2014-08-28T00:01:27+08:00 ] /v/admin.php | INFO: Run ContentReplace Behavior [ RunTime:0.000672s ]
[ 2014-08-28T00:01:27+08:00 ] /v/admin.php | INFO: Run TokenBuild Behavior [ RunTime:0.000689s ]
[ 2014-08-28T00:01:27+08:00 ] /v/admin.php | INFO: Run WriteHtmlCache Behavior [ RunTime:0.000516s ]
[ 2014-08-28T00:01:27+08:00 ] /v/admin.php | INFO: Run ShowRuntime Behavior [ RunTime:0.000747s ]
[ 2014-08-28T00:01:27+08:00 ] /v/admin.php | INFO: Tag[ view_filter ] --END-- [ RunTime:0.002842s ]
[ 2014-08-28T00:01:27+08:00 ] /v/admin.php | INFO: Tag[ view_end ] --START--
[ 2014-08-28T00:01:27+08:00 ] /v/admin.php | INFO: Run ShowPageTrace Behavior [ RunTime:0.000700s ]
[ 2014-08-28T00:01:27+08:00 ] /v/admin.php | INFO: Tag[ view_end ] --END-- [ RunTime:0.000775s ]
[ 2014-08-28T00:01:28+08:00 ] /v/admin.php/Index/copy | INFO: Tag[ route_check ] --START--
[ 2014-08-28T00:01:28+08:00 ] /v/admin.php/Index/copy | INFO: Run CheckRoute Behavior [ RunTime:0.000706s ]
[ 2014-08-28T00:01:28+08:00 ] /v/admin.php/Index/copy | INFO: Tag[ route_check ] --END-- [ RunTime:0.000793s ]
[ 2014-08-28T00:01:28+08:00 ] /v/admin.php/Index/copy | INFO: Tag[ app_begin ] --START--
[ 2014-08-28T00:01:28+08:00 ] /v/admin.php/Index/copy | INFO: Run ReadHtmlCache Behavior [ RunTime:0.000570s ]
[ 2014-08-28T00:01:28+08:00 ] /v/admin.php/Index/copy | INFO: Tag[ app_begin ] --END-- [ RunTime:0.000631s ]
[ 2014-08-28T00:01:28+08:00 ] /v/admin.php/Index/copy | SQL: SHOW COLUMNS FROM `hd_user` [ RunTime:0.002708s ]
[ 2014-08-28T00:01:28+08:00 ] /v/admin.php/Index/copy | SQL: SELECT COUNT(*) AS tp_count FROM `hd_user` LIMIT 1   [ RunTime:0.000174s ]
[ 2014-08-28T00:01:28+08:00 ] /v/admin.php/Index/copy | SQL: SELECT COUNT(*) AS tp_count FROM `hd_user` WHERE ( `lock` = 1 ) LIMIT 1   [ RunTime:0.000187s ]
[ 2014-08-28T00:01:28+08:00 ] /v/admin.php/Index/copy | SQL: SHOW COLUMNS FROM `hd_weibo` [ RunTime:0.002497s ]
[ 2014-08-28T00:01:28+08:00 ] /v/admin.php/Index/copy | SQL: SELECT COUNT(*) AS tp_count FROM `hd_weibo` WHERE ( `isturn` = 0 ) LIMIT 1   [ RunTime:0.000243s ]
[ 2014-08-28T00:01:28+08:00 ] /v/admin.php/Index/copy | SQL: SELECT COUNT(*) AS tp_count FROM `hd_weibo` WHERE ( `isturn` > 0 ) LIMIT 1   [ RunTime:0.000234s ]
[ 2014-08-28T00:01:28+08:00 ] /v/admin.php/Index/copy | SQL: SHOW COLUMNS FROM `hd_comment` [ RunTime:0.003140s ]
[ 2014-08-28T00:01:28+08:00 ] /v/admin.php/Index/copy | SQL: SELECT COUNT(*) AS tp_count FROM `hd_comment` LIMIT 1   [ RunTime:0.000164s ]
[ 2014-08-28T00:01:28+08:00 ] /v/admin.php/Index/copy | INFO: Tag[ view_template ] --START--
[ 2014-08-28T00:01:28+08:00 ] /v/admin.php/Index/copy | INFO: Run LocationTemplate Behavior [ RunTime:0.000655s ]
[ 2014-08-28T00:01:28+08:00 ] /v/admin.php/Index/copy | INFO: Tag[ view_template ] --END-- [ RunTime:0.000715s ]
[ 2014-08-28T00:01:28+08:00 ] /v/admin.php/Index/copy | INFO: Tag[ view_parse ] --START--
[ 2014-08-28T00:01:28+08:00 ] /v/admin.php/Index/copy | INFO: Run ParseTemplate Behavior [ RunTime:0.006454s ]
[ 2014-08-28T00:01:28+08:00 ] /v/admin.php/Index/copy | INFO: Tag[ view_parse ] --END-- [ RunTime:0.006525s ]
[ 2014-08-28T00:01:28+08:00 ] /v/admin.php/Index/copy | INFO: Tag[ view_filter ] --START--
[ 2014-08-28T00:01:28+08:00 ] /v/admin.php/Index/copy | INFO: Run ContentReplace Behavior [ RunTime:0.000483s ]
[ 2014-08-28T00:01:28+08:00 ] /v/admin.php/Index/copy | INFO: Run TokenBuild Behavior [ RunTime:0.000464s ]
[ 2014-08-28T00:01:28+08:00 ] /v/admin.php/Index/copy | INFO: Run WriteHtmlCache Behavior [ RunTime:0.000347s ]
[ 2014-08-28T00:01:28+08:00 ] /v/admin.php/Index/copy | INFO: Run ShowRuntime Behavior [ RunTime:0.000532s ]
[ 2014-08-28T00:01:28+08:00 ] /v/admin.php/Index/copy | INFO: Tag[ view_filter ] --END-- [ RunTime:0.001985s ]
[ 2014-08-28T00:01:28+08:00 ] /v/admin.php/Index/copy | INFO: Tag[ view_end ] --START--
[ 2014-08-28T00:01:28+08:00 ] /v/admin.php/Index/copy | INFO: Run ShowPageTrace Behavior [ RunTime:0.000468s ]
[ 2014-08-28T00:01:28+08:00 ] /v/admin.php/Index/copy | INFO: Tag[ view_end ] --END-- [ RunTime:0.000524s ]
[ 2014-08-28T00:01:32+08:00 ] /v/admin.php/User/addAdmin | INFO: Tag[ route_check ] --START--
[ 2014-08-28T00:01:32+08:00 ] /v/admin.php/User/addAdmin | INFO: Run CheckRoute Behavior [ RunTime:0.000960s ]
[ 2014-08-28T00:01:32+08:00 ] /v/admin.php/User/addAdmin | INFO: Tag[ route_check ] --END-- [ RunTime:0.001064s ]
[ 2014-08-28T00:01:32+08:00 ] /v/admin.php/User/addAdmin | INFO: Tag[ app_begin ] --START--
[ 2014-08-28T00:01:32+08:00 ] /v/admin.php/User/addAdmin | INFO: Run ReadHtmlCache Behavior [ RunTime:0.000730s ]
[ 2014-08-28T00:01:32+08:00 ] /v/admin.php/User/addAdmin | INFO: Tag[ app_begin ] --END-- [ RunTime:0.000805s ]
[ 2014-08-28T00:01:32+08:00 ] /v/admin.php/User/addAdmin | INFO: Tag[ view_template ] --START--
[ 2014-08-28T00:01:32+08:00 ] /v/admin.php/User/addAdmin | INFO: Run LocationTemplate Behavior [ RunTime:0.000890s ]
[ 2014-08-28T00:01:32+08:00 ] /v/admin.php/User/addAdmin | INFO: Tag[ view_template ] --END-- [ RunTime:0.000981s ]
[ 2014-08-28T00:01:32+08:00 ] /v/admin.php/User/addAdmin | INFO: Tag[ view_parse ] --START--
[ 2014-08-28T00:01:32+08:00 ] /v/admin.php/User/addAdmin | INFO: Run ParseTemplate Behavior [ RunTime:0.023305s ]
[ 2014-08-28T00:01:32+08:00 ] /v/admin.php/User/addAdmin | INFO: Tag[ view_parse ] --END-- [ RunTime:0.023394s ]
[ 2014-08-28T00:01:32+08:00 ] /v/admin.php/User/addAdmin | INFO: Tag[ view_filter ] --START--
[ 2014-08-28T00:01:32+08:00 ] /v/admin.php/User/addAdmin | INFO: Run ContentReplace Behavior [ RunTime:0.000619s ]
[ 2014-08-28T00:01:32+08:00 ] /v/admin.php/User/addAdmin | INFO: Run TokenBuild Behavior [ RunTime:0.000724s ]
[ 2014-08-28T00:01:32+08:00 ] /v/admin.php/User/addAdmin | INFO: Run WriteHtmlCache Behavior [ RunTime:0.000502s ]
[ 2014-08-28T00:01:32+08:00 ] /v/admin.php/User/addAdmin | INFO: Run ShowRuntime Behavior [ RunTime:0.000715s ]
[ 2014-08-28T00:01:32+08:00 ] /v/admin.php/User/addAdmin | INFO: Tag[ view_filter ] --END-- [ RunTime:0.002770s ]
[ 2014-08-28T00:01:32+08:00 ] /v/admin.php/User/addAdmin | INFO: Tag[ view_end ] --START--
[ 2014-08-28T00:01:32+08:00 ] /v/admin.php/User/addAdmin | INFO: Run ShowPageTrace Behavior [ RunTime:0.000660s ]
[ 2014-08-28T00:01:32+08:00 ] /v/admin.php/User/addAdmin | INFO: Tag[ view_end ] --END-- [ RunTime:0.000734s ]
[ 2014-08-28T00:01:35+08:00 ] /v/admin.php/User/index | INFO: Tag[ route_check ] --START--
[ 2014-08-28T00:01:35+08:00 ] /v/admin.php/User/index | INFO: Run CheckRoute Behavior [ RunTime:0.000768s ]
[ 2014-08-28T00:01:35+08:00 ] /v/admin.php/User/index | INFO: Tag[ route_check ] --END-- [ RunTime:0.000852s ]
[ 2014-08-28T00:01:35+08:00 ] /v/admin.php/User/index | INFO: Tag[ app_begin ] --START--
[ 2014-08-28T00:01:35+08:00 ] /v/admin.php/User/index | INFO: Run ReadHtmlCache Behavior [ RunTime:0.000584s ]
[ 2014-08-28T00:01:35+08:00 ] /v/admin.php/User/index | INFO: Tag[ app_begin ] --END-- [ RunTime:0.000645s ]
[ 2014-08-28T00:01:35+08:00 ] /v/admin.php/User/index | SQL: SHOW COLUMNS FROM `hd_user` [ RunTime:0.002638s ]
[ 2014-08-28T00:01:35+08:00 ] /v/admin.php/User/index | SQL: SELECT COUNT(*) AS tp_count FROM `hd_user` LIMIT 1   [ RunTime:0.000180s ]
[ 2014-08-28T00:01:36+08:00 ] /v/admin.php/User/index | SQL: SHOW COLUMNS FROM `hd_userinfo` [ RunTime:0.002748s ]
[ 2014-08-28T00:01:36+08:00 ] /v/admin.php/User/index | SQL: SELECT user.id AS id,user.`lock` AS `lock`,user.registime AS registime,userinfo.username AS username,userinfo.face50 AS face,userinfo.follow AS follow,userinfo.fans AS fans,userinfo.weibo AS weibo FROM hd_user user LEFT JOIN hd_userinfo userinfo ON user.id = userinfo.uid LIMIT 0,20   [ RunTime:0.000316s ]
[ 2014-08-28T00:01:36+08:00 ] /v/admin.php/User/index | INFO: Tag[ view_template ] --START--
[ 2014-08-28T00:01:36+08:00 ] /v/admin.php/User/index | INFO: Run LocationTemplate Behavior [ RunTime:0.000738s ]
[ 2014-08-28T00:01:36+08:00 ] /v/admin.php/User/index | INFO: Tag[ view_template ] --END-- [ RunTime:0.000800s ]
[ 2014-08-28T00:01:36+08:00 ] /v/admin.php/User/index | INFO: Tag[ view_parse ] --START--
[ 2014-08-28T00:01:36+08:00 ] /v/admin.php/User/index | INFO: Run ParseTemplate Behavior [ RunTime:0.008722s ]
[ 2014-08-28T00:01:36+08:00 ] /v/admin.php/User/index | INFO: Tag[ view_parse ] --END-- [ RunTime:0.008787s ]
[ 2014-08-28T00:01:36+08:00 ] /v/admin.php/User/index | INFO: Tag[ view_filter ] --START--
[ 2014-08-28T00:01:36+08:00 ] /v/admin.php/User/index | INFO: Run ContentReplace Behavior [ RunTime:0.000731s ]
[ 2014-08-28T00:01:36+08:00 ] /v/admin.php/User/index | INFO: Run TokenBuild Behavior [ RunTime:0.000617s ]
[ 2014-08-28T00:01:36+08:00 ] /v/admin.php/User/index | INFO: Run WriteHtmlCache Behavior [ RunTime:0.000411s ]
[ 2014-08-28T00:01:36+08:00 ] /v/admin.php/User/index | INFO: Run ShowRuntime Behavior [ RunTime:0.000689s ]
[ 2014-08-28T00:01:36+08:00 ] /v/admin.php/User/index | INFO: Tag[ view_filter ] --END-- [ RunTime:0.002654s ]
[ 2014-08-28T00:01:36+08:00 ] /v/admin.php/User/index | INFO: Tag[ view_end ] --START--
[ 2014-08-28T00:01:36+08:00 ] /v/admin.php/User/index | INFO: Run ShowPageTrace Behavior [ RunTime:0.000543s ]
[ 2014-08-28T00:01:36+08:00 ] /v/admin.php/User/index | INFO: Tag[ view_end ] --END-- [ RunTime:0.000598s ]
[ 2014-08-28T00:01:36+08:00 ] /v/admin.php/Weibo/index | INFO: Tag[ route_check ] --START--
[ 2014-08-28T00:01:36+08:00 ] /v/admin.php/Weibo/index | INFO: Run CheckRoute Behavior [ RunTime:0.000848s ]
[ 2014-08-28T00:01:36+08:00 ] /v/admin.php/Weibo/index | INFO: Tag[ route_check ] --END-- [ RunTime:0.000951s ]
[ 2014-08-28T00:01:36+08:00 ] /v/admin.php/Weibo/index | INFO: Tag[ app_begin ] --START--
[ 2014-08-28T00:01:36+08:00 ] /v/admin.php/Weibo/index | INFO: Run ReadHtmlCache Behavior [ RunTime:0.000749s ]
[ 2014-08-28T00:01:36+08:00 ] /v/admin.php/Weibo/index | INFO: Tag[ app_begin ] --END-- [ RunTime:0.000831s ]
[ 2014-08-28T00:01:36+08:00 ] /v/admin.php/Weibo/index | SQL: SHOW COLUMNS FROM `hd_weibo` [ RunTime:0.004221s ]
[ 2014-08-28T00:01:36+08:00 ] /v/admin.php/Weibo/index | SQL: SELECT COUNT(*) AS tp_count FROM `hd_weibo` WHERE ( `isturn` = 0 ) LIMIT 1   [ RunTime:0.000296s ]
[ 2014-08-28T00:01:36+08:00 ] /v/admin.php/Weibo/index | SQL: SHOW COLUMNS FROM `hd_picture` [ RunTime:0.003373s ]
[ 2014-08-28T00:01:36+08:00 ] /v/admin.php/Weibo/index | SQL: SHOW COLUMNS FROM `hd_userinfo` [ RunTime:0.003583s ]
[ 2014-08-28T00:01:36+08:00 ] /v/admin.php/Weibo/index | SQL: SELECT weibo.id AS id,weibo.content AS content,weibo.isturn AS isturn,weibo.time AS time,weibo.turn AS turn,weibo.keep AS keep,weibo.comment AS comment,picture.max AS pic,userinfo.uid AS uid,userinfo.username AS username FROM hd_weibo weibo LEFT JOIN hd_picture picture ON weibo.id = picture.wid LEFT JOIN hd_userinfo userinfo ON weibo.uid = userinfo.uid WHERE ( weibo.isturn = 0 ) ORDER BY weibo.time DESC LIMIT 0,20   [ RunTime:0.000873s ]
[ 2014-08-28T00:01:36+08:00 ] /v/admin.php/Weibo/index | INFO: Tag[ view_template ] --START--
[ 2014-08-28T00:01:36+08:00 ] /v/admin.php/Weibo/index | INFO: Run LocationTemplate Behavior [ RunTime:0.000969s ]
[ 2014-08-28T00:01:36+08:00 ] /v/admin.php/Weibo/index | INFO: Tag[ view_template ] --END-- [ RunTime:0.001050s ]
[ 2014-08-28T00:01:36+08:00 ] /v/admin.php/Weibo/index | INFO: Tag[ view_parse ] --START--
[ 2014-08-28T00:01:36+08:00 ] /v/admin.php/Weibo/index | INFO: Run ParseTemplate Behavior [ RunTime:0.011854s ]
[ 2014-08-28T00:01:36+08:00 ] /v/admin.php/Weibo/index | INFO: Tag[ view_parse ] --END-- [ RunTime:0.011936s ]
[ 2014-08-28T00:01:36+08:00 ] /v/admin.php/Weibo/index | INFO: Tag[ view_filter ] --START--
[ 2014-08-28T00:01:36+08:00 ] /v/admin.php/Weibo/index | INFO: Run ContentReplace Behavior [ RunTime:0.000736s ]
[ 2014-08-28T00:01:36+08:00 ] /v/admin.php/Weibo/index | INFO: Run TokenBuild Behavior [ RunTime:0.000639s ]
[ 2014-08-28T00:01:36+08:00 ] /v/admin.php/Weibo/index | INFO: Run WriteHtmlCache Behavior [ RunTime:0.000448s ]
[ 2014-08-28T00:01:36+08:00 ] /v/admin.php/Weibo/index | INFO: Run ShowRuntime Behavior [ RunTime:0.000696s ]
[ 2014-08-28T00:01:36+08:00 ] /v/admin.php/Weibo/index | INFO: Tag[ view_filter ] --END-- [ RunTime:0.002730s ]
[ 2014-08-28T00:01:36+08:00 ] /v/admin.php/Weibo/index | INFO: Tag[ view_end ] --START--
[ 2014-08-28T00:01:36+08:00 ] /v/admin.php/Weibo/index | INFO: Run ShowPageTrace Behavior [ RunTime:0.000607s ]
[ 2014-08-28T00:01:36+08:00 ] /v/admin.php/Weibo/index | INFO: Tag[ view_end ] --END-- [ RunTime:0.000681s ]
[ 2014-08-28T00:01:37+08:00 ] /v/admin.php/System/index | INFO: Tag[ route_check ] --START--
[ 2014-08-28T00:01:37+08:00 ] /v/admin.php/System/index | INFO: Run CheckRoute Behavior [ RunTime:0.000830s ]
[ 2014-08-28T00:01:37+08:00 ] /v/admin.php/System/index | INFO: Tag[ route_check ] --END-- [ RunTime:0.000937s ]
[ 2014-08-28T00:01:37+08:00 ] /v/admin.php/System/index | INFO: Tag[ app_begin ] --START--
[ 2014-08-28T00:01:37+08:00 ] /v/admin.php/System/index | INFO: Run ReadHtmlCache Behavior [ RunTime:0.000558s ]
[ 2014-08-28T00:01:37+08:00 ] /v/admin.php/System/index | INFO: Tag[ app_begin ] --END-- [ RunTime:0.000617s ]
[ 2014-08-28T00:01:37+08:00 ] /v/admin.php/System/index | INFO: Tag[ view_template ] --START--
[ 2014-08-28T00:01:37+08:00 ] /v/admin.php/System/index | INFO: Run LocationTemplate Behavior [ RunTime:0.000622s ]
[ 2014-08-28T00:01:37+08:00 ] /v/admin.php/System/index | INFO: Tag[ view_template ] --END-- [ RunTime:0.000684s ]
[ 2014-08-28T00:01:37+08:00 ] /v/admin.php/System/index | INFO: Tag[ view_parse ] --START--
[ 2014-08-28T00:01:37+08:00 ] /v/admin.php/System/index | INFO: Run ParseTemplate Behavior [ RunTime:0.007040s ]
[ 2014-08-28T00:01:37+08:00 ] /v/admin.php/System/index | INFO: Tag[ view_parse ] --END-- [ RunTime:0.007112s ]
[ 2014-08-28T00:01:37+08:00 ] /v/admin.php/System/index | INFO: Tag[ view_filter ] --START--
[ 2014-08-28T00:01:37+08:00 ] /v/admin.php/System/index | INFO: Run ContentReplace Behavior [ RunTime:0.000539s ]
[ 2014-08-28T00:01:37+08:00 ] /v/admin.php/System/index | INFO: Run TokenBuild Behavior [ RunTime:0.000553s ]
[ 2014-08-28T00:01:37+08:00 ] /v/admin.php/System/index | INFO: Run WriteHtmlCache Behavior [ RunTime:0.000394s ]
[ 2014-08-28T00:01:37+08:00 ] /v/admin.php/System/index | INFO: Run ShowRuntime Behavior [ RunTime:0.000613s ]
[ 2014-08-28T00:01:37+08:00 ] /v/admin.php/System/index | INFO: Tag[ view_filter ] --END-- [ RunTime:0.002263s ]
[ 2014-08-28T00:01:37+08:00 ] /v/admin.php/System/index | INFO: Tag[ view_end ] --START--
[ 2014-08-28T00:01:37+08:00 ] /v/admin.php/System/index | INFO: Run ShowPageTrace Behavior [ RunTime:0.000523s ]
[ 2014-08-28T00:01:37+08:00 ] /v/admin.php/System/index | INFO: Tag[ view_end ] --END-- [ RunTime:0.000579s ]
