[ 2014-08-27T23:41:12+08:00 ] /v/admin.php/Login/index | INFO: Tag[ route_check ] --START--
[ 2014-08-27T23:41:12+08:00 ] /v/admin.php/Login/index | INFO: Run CheckRoute Behavior [ RunTime:0.000639s ]
[ 2014-08-27T23:41:12+08:00 ] /v/admin.php/Login/index | INFO: Tag[ route_check ] --END-- [ RunTime:0.000728s ]
[ 2014-08-27T23:41:12+08:00 ] /v/admin.php/Login/index | INFO: Tag[ app_begin ] --START--
[ 2014-08-27T23:41:12+08:00 ] /v/admin.php/Login/index | INFO: Run ReadHtmlCache Behavior [ RunTime:0.000506s ]
[ 2014-08-27T23:41:12+08:00 ] /v/admin.php/Login/index | INFO: Tag[ app_begin ] --END-- [ RunTime:0.000571s ]
[ 2014-08-27T23:41:12+08:00 ] /v/admin.php/Login/index | INFO: Tag[ view_template ] --START--
[ 2014-08-27T23:41:12+08:00 ] /v/admin.php/Login/index | INFO: Run LocationTemplate Behavior [ RunTime:0.001090s ]
[ 2014-08-27T23:41:12+08:00 ] /v/admin.php/Login/index | INFO: Tag[ view_template ] --END-- [ RunTime:0.001186s ]
[ 2014-08-27T23:41:12+08:00 ] /v/admin.php/Login/index | INFO: Tag[ view_parse ] --START--
[ 2014-08-27T23:41:12+08:00 ] /v/admin.php/Login/index | INFO: Run ParseTemplate Behavior [ RunTime:0.025975s ]
[ 2014-08-27T23:41:12+08:00 ] /v/admin.php/Login/index | INFO: Tag[ view_parse ] --END-- [ RunTime:0.026055s ]
[ 2014-08-27T23:41:12+08:00 ] /v/admin.php/Login/index | INFO: Tag[ view_filter ] --START--
[ 2014-08-27T23:41:12+08:00 ] /v/admin.php/Login/index | INFO: Run ContentReplace Behavior [ RunTime:0.000382s ]
[ 2014-08-27T23:41:12+08:00 ] /v/admin.php/Login/index | INFO: Run TokenBuild Behavior [ RunTime:0.000442s ]
[ 2014-08-27T23:41:12+08:00 ] /v/admin.php/Login/index | INFO: Run WriteHtmlCache Behavior [ RunTime:0.000287s ]
[ 2014-08-27T23:41:12+08:00 ] /v/admin.php/Login/index | INFO: Run ShowRuntime Behavior [ RunTime:0.000435s ]
[ 2014-08-27T23:41:12+08:00 ] /v/admin.php/Login/index | INFO: Tag[ view_filter ] --END-- [ RunTime:0.001708s ]
[ 2014-08-27T23:41:12+08:00 ] /v/admin.php/Login/index | INFO: Tag[ view_end ] --START--
[ 2014-08-27T23:41:12+08:00 ] /v/admin.php/Login/index | INFO: Run ShowPageTrace Behavior [ RunTime:0.000441s ]
[ 2014-08-27T23:41:12+08:00 ] /v/admin.php/Login/index | INFO: Tag[ view_end ] --END-- [ RunTime:0.000494s ]
[ 2014-08-27T23:41:13+08:00 ] /v/admin.php/Login/verify | INFO: Tag[ route_check ] --START--
[ 2014-08-27T23:41:13+08:00 ] /v/admin.php/Login/verify | INFO: Run CheckRoute Behavior [ RunTime:0.000860s ]
[ 2014-08-27T23:41:13+08:00 ] /v/admin.php/Login/verify | INFO: Tag[ route_check ] --END-- [ RunTime:0.000942s ]
[ 2014-08-27T23:41:13+08:00 ] /v/admin.php/Login/verify | INFO: Tag[ app_begin ] --START--
[ 2014-08-27T23:41:13+08:00 ] /v/admin.php/Login/verify | INFO: Run ReadHtmlCache Behavior [ RunTime:0.000612s ]
[ 2014-08-27T23:41:13+08:00 ] /v/admin.php/Login/verify | INFO: Tag[ app_begin ] --END-- [ RunTime:0.000674s ]
[ 2014-08-27T23:41:27+08:00 ] /v/admin.php/Login/verify | INFO: Tag[ route_check ] --START--
[ 2014-08-27T23:41:27+08:00 ] /v/admin.php/Login/verify | INFO: Run CheckRoute Behavior [ RunTime:0.000699s ]
[ 2014-08-27T23:41:27+08:00 ] /v/admin.php/Login/verify | INFO: Tag[ route_check ] --END-- [ RunTime:0.000785s ]
[ 2014-08-27T23:41:27+08:00 ] /v/admin.php/Login/verify | INFO: Tag[ app_begin ] --START--
[ 2014-08-27T23:41:27+08:00 ] /v/admin.php/Login/verify | INFO: Run ReadHtmlCache Behavior [ RunTime:0.000548s ]
[ 2014-08-27T23:41:27+08:00 ] /v/admin.php/Login/verify | INFO: Tag[ app_begin ] --END-- [ RunTime:0.000607s ]
[ 2014-08-27T23:41:33+08:00 ] /v/admin.php/Login/login | INFO: Tag[ route_check ] --START--
[ 2014-08-27T23:41:33+08:00 ] /v/admin.php/Login/login | INFO: Run CheckRoute Behavior [ RunTime:0.000958s ]
[ 2014-08-27T23:41:33+08:00 ] /v/admin.php/Login/login | INFO: Tag[ route_check ] --END-- [ RunTime:0.001082s ]
[ 2014-08-27T23:41:33+08:00 ] /v/admin.php/Login/login | INFO: Tag[ app_begin ] --START--
[ 2014-08-27T23:41:33+08:00 ] /v/admin.php/Login/login | INFO: Run ReadHtmlCache Behavior [ RunTime:0.000835s ]
[ 2014-08-27T23:41:33+08:00 ] /v/admin.php/Login/login | INFO: Tag[ app_begin ] --END-- [ RunTime:0.000914s ]
[ 2014-08-27T23:41:34+08:00 ] /v/admin.php/Login/login | NOTIC: [8] Undefined offset: 1 Action.class.php 第 233 行.
[ 2014-08-27T23:41:34+08:00 ] /v/admin.php/Login/login | SQL: SHOW COLUMNS FROM `hd_admin` [ RunTime:0.003326s ]
[ 2014-08-27T23:41:34+08:00 ] /v/admin.php/Login/login | SQL: SELECT * FROM `hd_admin` WHERE ( `username` = 'admin' ) LIMIT 1   [ RunTime:0.000286s ]
[ 2014-08-27T23:41:34+08:00 ] /v/admin.php/Login/login | NOTIC: [8] Use of undefined constant user - assumed 'user' LoginAction.class.php 第 36 行.
[ 2014-08-27T23:41:34+08:00 ] /v/admin.php/Login/login | SQL: UPDATE `hd_admin` SET `logintime`=1409154094,`loginip`='0.0.0.0' WHERE ( `id` = '1' ) [ RunTime:0.000266s ]
[ 2014-08-27T23:41:34+08:00 ] /v/admin.php/Login/login | INFO: Tag[ view_template ] --START--
[ 2014-08-27T23:41:34+08:00 ] /v/admin.php/Login/login | INFO: Run LocationTemplate Behavior [ RunTime:0.000966s ]
[ 2014-08-27T23:41:34+08:00 ] /v/admin.php/Login/login | INFO: Tag[ view_template ] --END-- [ RunTime:0.001071s ]
[ 2014-08-27T23:41:34+08:00 ] /v/admin.php/Login/login | INFO: Tag[ view_parse ] --START--
[ 2014-08-27T23:41:34+08:00 ] /v/admin.php/Login/login | INFO: Run ParseTemplate Behavior [ RunTime:0.009760s ]
[ 2014-08-27T23:41:34+08:00 ] /v/admin.php/Login/login | INFO: Tag[ view_parse ] --END-- [ RunTime:0.009868s ]
[ 2014-08-27T23:41:34+08:00 ] /v/admin.php/Login/login | INFO: Tag[ view_filter ] --START--
[ 2014-08-27T23:41:34+08:00 ] /v/admin.php/Login/login | INFO: Run ContentReplace Behavior [ RunTime:0.000618s ]
[ 2014-08-27T23:41:34+08:00 ] /v/admin.php/Login/login | INFO: Run TokenBuild Behavior [ RunTime:0.000635s ]
[ 2014-08-27T23:41:34+08:00 ] /v/admin.php/Login/login | INFO: Run WriteHtmlCache Behavior [ RunTime:0.000491s ]
[ 2014-08-27T23:41:34+08:00 ] /v/admin.php/Login/login | INFO: Run ShowRuntime Behavior [ RunTime:0.000717s ]
[ 2014-08-27T23:41:34+08:00 ] /v/admin.php/Login/login | INFO: Tag[ view_filter ] --END-- [ RunTime:0.002717s ]
[ 2014-08-27T23:41:34+08:00 ] /v/admin.php/Login/login | INFO: Tag[ view_end ] --START--
[ 2014-08-27T23:41:34+08:00 ] /v/admin.php/Login/login | INFO: Run ShowPageTrace Behavior [ RunTime:0.000664s ]
[ 2014-08-27T23:41:34+08:00 ] /v/admin.php/Login/login | INFO: Tag[ view_end ] --END-- [ RunTime:0.000754s ]
[ 2014-08-27T23:41:35+08:00 ] /v/admin.php | INFO: Tag[ app_begin ] --START--
[ 2014-08-27T23:41:35+08:00 ] /v/admin.php | INFO: Run ReadHtmlCache Behavior [ RunTime:0.001098s ]
[ 2014-08-27T23:41:35+08:00 ] /v/admin.php | INFO: Tag[ app_begin ] --END-- [ RunTime:0.001232s ]
[ 2014-08-27T23:41:35+08:00 ] /v/admin.php | INFO: Tag[ view_template ] --START--
[ 2014-08-27T23:41:35+08:00 ] /v/admin.php | INFO: Run LocationTemplate Behavior [ RunTime:0.001403s ]
[ 2014-08-27T23:41:35+08:00 ] /v/admin.php | INFO: Tag[ view_template ] --END-- [ RunTime:0.001527s ]
[ 2014-08-27T23:41:35+08:00 ] /v/admin.php | INFO: Tag[ view_parse ] --START--
[ 2014-08-27T23:41:35+08:00 ] /v/admin.php | INFO: Run ParseTemplate Behavior [ RunTime:0.048787s ]
[ 2014-08-27T23:41:35+08:00 ] /v/admin.php | INFO: Tag[ view_parse ] --END-- [ RunTime:0.048910s ]
[ 2014-08-27T23:41:35+08:00 ] /v/admin.php | INFO: Tag[ view_filter ] --START--
[ 2014-08-27T23:41:35+08:00 ] /v/admin.php | INFO: Run ContentReplace Behavior [ RunTime:0.000968s ]
[ 2014-08-27T23:41:35+08:00 ] /v/admin.php | INFO: Run TokenBuild Behavior [ RunTime:0.000990s ]
[ 2014-08-27T23:41:35+08:00 ] /v/admin.php | INFO: Run WriteHtmlCache Behavior [ RunTime:0.000766s ]
[ 2014-08-27T23:41:35+08:00 ] /v/admin.php | INFO: Run ShowRuntime Behavior [ RunTime:0.001066s ]
[ 2014-08-27T23:41:35+08:00 ] /v/admin.php | INFO: Tag[ view_filter ] --END-- [ RunTime:0.004090s ]
[ 2014-08-27T23:41:35+08:00 ] /v/admin.php | INFO: Tag[ view_end ] --START--
[ 2014-08-27T23:41:35+08:00 ] /v/admin.php | INFO: Run ShowPageTrace Behavior [ RunTime:0.000978s ]
[ 2014-08-27T23:41:35+08:00 ] /v/admin.php | INFO: Tag[ view_end ] --END-- [ RunTime:0.001082s ]
[ 2014-08-27T23:41:35+08:00 ] /v/admin.php/Index/copy | INFO: Tag[ route_check ] --START--
[ 2014-08-27T23:41:35+08:00 ] /v/admin.php/Index/copy | INFO: Run CheckRoute Behavior [ RunTime:0.000727s ]
[ 2014-08-27T23:41:35+08:00 ] /v/admin.php/Index/copy | INFO: Tag[ route_check ] --END-- [ RunTime:0.000805s ]
[ 2014-08-27T23:41:35+08:00 ] /v/admin.php/Index/copy | INFO: Tag[ app_begin ] --START--
[ 2014-08-27T23:41:35+08:00 ] /v/admin.php/Index/copy | INFO: Run ReadHtmlCache Behavior [ RunTime:0.000565s ]
[ 2014-08-27T23:41:35+08:00 ] /v/admin.php/Index/copy | INFO: Tag[ app_begin ] --END-- [ RunTime:0.000622s ]
[ 2014-08-27T23:41:35+08:00 ] /v/admin.php/Index/copy | SQL: SHOW COLUMNS FROM `hd_user` [ RunTime:0.002959s ]
[ 2014-08-27T23:41:35+08:00 ] /v/admin.php/Index/copy | SQL: SELECT COUNT(*) AS tp_count FROM `hd_user` LIMIT 1   [ RunTime:0.000196s ]
[ 2014-08-27T23:41:35+08:00 ] /v/admin.php/Index/copy | SQL: SELECT COUNT(*) AS tp_count FROM `hd_user` WHERE ( `lock` = 1 ) LIMIT 1   [ RunTime:0.000200s ]
[ 2014-08-27T23:41:35+08:00 ] /v/admin.php/Index/copy | SQL: SHOW COLUMNS FROM `hd_weibo` [ RunTime:0.002789s ]
[ 2014-08-27T23:41:35+08:00 ] /v/admin.php/Index/copy | SQL: SELECT COUNT(*) AS tp_count FROM `hd_weibo` WHERE ( `isturn` = 0 ) LIMIT 1   [ RunTime:0.000209s ]
[ 2014-08-27T23:41:35+08:00 ] /v/admin.php/Index/copy | SQL: SELECT COUNT(*) AS tp_count FROM `hd_weibo` WHERE ( `isturn` > 0 ) LIMIT 1   [ RunTime:0.000151s ]
[ 2014-08-27T23:41:35+08:00 ] /v/admin.php/Index/copy | SQL: SHOW COLUMNS FROM `hd_comment` [ RunTime:0.002563s ]
[ 2014-08-27T23:41:35+08:00 ] /v/admin.php/Index/copy | SQL: SELECT COUNT(*) AS tp_count FROM `hd_comment` LIMIT 1   [ RunTime:0.000181s ]
[ 2014-08-27T23:41:35+08:00 ] /v/admin.php/Index/copy | INFO: Tag[ view_template ] --START--
[ 2014-08-27T23:41:35+08:00 ] /v/admin.php/Index/copy | INFO: Run LocationTemplate Behavior [ RunTime:0.014799s ]
[ 2014-08-27T23:41:35+08:00 ] /v/admin.php/Index/copy | INFO: Tag[ view_template ] --END-- [ RunTime:0.014888s ]
[ 2014-08-27T23:41:35+08:00 ] /v/admin.php/Index/copy | INFO: Tag[ view_parse ] --START--
[ 2014-08-27T23:41:35+08:00 ] /v/admin.php/Index/copy | INFO: Run ParseTemplate Behavior [ RunTime:0.007828s ]
[ 2014-08-27T23:41:35+08:00 ] /v/admin.php/Index/copy | INFO: Tag[ view_parse ] --END-- [ RunTime:0.007907s ]
[ 2014-08-27T23:41:35+08:00 ] /v/admin.php/Index/copy | INFO: Tag[ view_filter ] --START--
[ 2014-08-27T23:41:35+08:00 ] /v/admin.php/Index/copy | INFO: Run ContentReplace Behavior [ RunTime:0.000455s ]
[ 2014-08-27T23:41:35+08:00 ] /v/admin.php/Index/copy | INFO: Run TokenBuild Behavior [ RunTime:0.000475s ]
[ 2014-08-27T23:41:35+08:00 ] /v/admin.php/Index/copy | INFO: Run WriteHtmlCache Behavior [ RunTime:0.000349s ]
[ 2014-08-27T23:41:35+08:00 ] /v/admin.php/Index/copy | INFO: Run ShowRuntime Behavior [ RunTime:0.000518s ]
[ 2014-08-27T23:41:35+08:00 ] /v/admin.php/Index/copy | INFO: Tag[ view_filter ] --END-- [ RunTime:0.001951s ]
[ 2014-08-27T23:41:35+08:00 ] /v/admin.php/Index/copy | INFO: Tag[ view_end ] --START--
[ 2014-08-27T23:41:35+08:00 ] /v/admin.php/Index/copy | INFO: Run ShowPageTrace Behavior [ RunTime:0.000468s ]
[ 2014-08-27T23:41:35+08:00 ] /v/admin.php/Index/copy | INFO: Tag[ view_end ] --END-- [ RunTime:0.000525s ]
[ 2014-08-27T23:50:06+08:00 ] /v/admin.php/User/index | INFO: Tag[ route_check ] --START--
[ 2014-08-27T23:50:06+08:00 ] /v/admin.php/User/index | INFO: Run CheckRoute Behavior [ RunTime:0.001293s ]
[ 2014-08-27T23:50:06+08:00 ] /v/admin.php/User/index | INFO: Tag[ route_check ] --END-- [ RunTime:0.001409s ]
[ 2014-08-27T23:50:06+08:00 ] /v/admin.php/User/index | INFO: Tag[ app_begin ] --START--
[ 2014-08-27T23:50:06+08:00 ] /v/admin.php/User/index | INFO: Run ReadHtmlCache Behavior [ RunTime:0.000923s ]
[ 2014-08-27T23:50:06+08:00 ] /v/admin.php/User/index | INFO: Tag[ app_begin ] --END-- [ RunTime:0.001008s ]
[ 2014-08-27T23:50:07+08:00 ] /v/admin.php/User/index | SQL: SHOW COLUMNS FROM `hd_user` [ RunTime:0.003240s ]
[ 2014-08-27T23:50:07+08:00 ] /v/admin.php/User/index | SQL: SELECT COUNT(*) AS tp_count FROM `hd_user` LIMIT 1   [ RunTime:0.000192s ]
[ 2014-08-27T23:50:07+08:00 ] /v/admin.php/User/index | SQL: SHOW COLUMNS FROM `hd_userinfo` [ RunTime:0.003763s ]
[ 2014-08-27T23:50:07+08:00 ] /v/admin.php/User/index | SQL: SELECT user.id AS id,user.`lock` AS `lock`,user.registime AS registime,userinfo.username AS username,userinfo.face50 AS face,userinfo.follow AS follow,userinfo.fans AS fans,userinfo.weibo AS weibo FROM hd_user user LEFT JOIN hd_userinfo userinfo ON user.id = userinfo.uid LIMIT 0,20   [ RunTime:0.000683s ]
[ 2014-08-27T23:50:07+08:00 ] /v/admin.php/User/index | INFO: Tag[ view_template ] --START--
[ 2014-08-27T23:50:07+08:00 ] /v/admin.php/User/index | INFO: Run LocationTemplate Behavior [ RunTime:0.004694s ]
[ 2014-08-27T23:50:07+08:00 ] /v/admin.php/User/index | INFO: Tag[ view_template ] --END-- [ RunTime:0.004779s ]
[ 2014-08-27T23:50:07+08:00 ] /v/admin.php/User/index | INFO: Tag[ view_parse ] --START--
[ 2014-08-27T23:50:07+08:00 ] /v/admin.php/User/index | INFO: Run ParseTemplate Behavior [ RunTime:0.024488s ]
[ 2014-08-27T23:50:07+08:00 ] /v/admin.php/User/index | INFO: Tag[ view_parse ] --END-- [ RunTime:0.024569s ]
[ 2014-08-27T23:50:07+08:00 ] /v/admin.php/User/index | INFO: Tag[ view_filter ] --START--
[ 2014-08-27T23:50:07+08:00 ] /v/admin.php/User/index | INFO: Run ContentReplace Behavior [ RunTime:0.000706s ]
[ 2014-08-27T23:50:07+08:00 ] /v/admin.php/User/index | INFO: Run TokenBuild Behavior [ RunTime:0.000679s ]
[ 2014-08-27T23:50:07+08:00 ] /v/admin.php/User/index | INFO: Run WriteHtmlCache Behavior [ RunTime:0.000520s ]
[ 2014-08-27T23:50:07+08:00 ] /v/admin.php/User/index | INFO: Run ShowRuntime Behavior [ RunTime:0.000779s ]
[ 2014-08-27T23:50:07+08:00 ] /v/admin.php/User/index | INFO: Tag[ view_filter ] --END-- [ RunTime:0.002903s ]
[ 2014-08-27T23:50:07+08:00 ] /v/admin.php/User/index | INFO: Tag[ view_end ] --START--
[ 2014-08-27T23:50:07+08:00 ] /v/admin.php/User/index | INFO: Run ShowPageTrace Behavior [ RunTime:0.000759s ]
[ 2014-08-27T23:50:07+08:00 ] /v/admin.php/User/index | INFO: Tag[ view_end ] --END-- [ RunTime:0.000833s ]
[ 2014-08-27T23:50:22+08:00 ] /v/admin.php/User/sechUser | INFO: Tag[ route_check ] --START--
[ 2014-08-27T23:50:22+08:00 ] /v/admin.php/User/sechUser | INFO: Run CheckRoute Behavior [ RunTime:0.000939s ]
[ 2014-08-27T23:50:22+08:00 ] /v/admin.php/User/sechUser | INFO: Tag[ route_check ] --END-- [ RunTime:0.001044s ]
[ 2014-08-27T23:50:22+08:00 ] /v/admin.php/User/sechUser | INFO: Tag[ app_begin ] --START--
[ 2014-08-27T23:50:22+08:00 ] /v/admin.php/User/sechUser | INFO: Run ReadHtmlCache Behavior [ RunTime:0.000792s ]
[ 2014-08-27T23:50:22+08:00 ] /v/admin.php/User/sechUser | INFO: Tag[ app_begin ] --END-- [ RunTime:0.000867s ]
[ 2014-08-27T23:50:22+08:00 ] /v/admin.php/User/sechUser | INFO: Tag[ view_template ] --START--
[ 2014-08-27T23:50:22+08:00 ] /v/admin.php/User/sechUser | INFO: Run LocationTemplate Behavior [ RunTime:0.000859s ]
[ 2014-08-27T23:50:22+08:00 ] /v/admin.php/User/sechUser | INFO: Tag[ view_template ] --END-- [ RunTime:0.000948s ]
[ 2014-08-27T23:50:22+08:00 ] /v/admin.php/User/sechUser | INFO: Tag[ view_parse ] --START--
[ 2014-08-27T23:50:22+08:00 ] /v/admin.php/User/sechUser | NOTIC: [8] Undefined variable: user 959ab1844c07a1eb0c0ba81766ff4cab.php 第 39 行.
[ 2014-08-27T23:50:22+08:00 ] /v/admin.php/User/sechUser | INFO: Run ParseTemplate Behavior [ RunTime:0.041424s ]
[ 2014-08-27T23:50:22+08:00 ] /v/admin.php/User/sechUser | INFO: Tag[ view_parse ] --END-- [ RunTime:0.041488s ]
[ 2014-08-27T23:50:22+08:00 ] /v/admin.php/User/sechUser | INFO: Tag[ view_filter ] --START--
[ 2014-08-27T23:50:22+08:00 ] /v/admin.php/User/sechUser | INFO: Run ContentReplace Behavior [ RunTime:0.000485s ]
[ 2014-08-27T23:50:22+08:00 ] /v/admin.php/User/sechUser | INFO: Run TokenBuild Behavior [ RunTime:0.000554s ]
[ 2014-08-27T23:50:22+08:00 ] /v/admin.php/User/sechUser | INFO: Run WriteHtmlCache Behavior [ RunTime:0.000408s ]
[ 2014-08-27T23:50:22+08:00 ] /v/admin.php/User/sechUser | INFO: Run ShowRuntime Behavior [ RunTime:0.000598s ]
[ 2014-08-27T23:50:22+08:00 ] /v/admin.php/User/sechUser | INFO: Tag[ view_filter ] --END-- [ RunTime:0.002201s ]
[ 2014-08-27T23:50:22+08:00 ] /v/admin.php/User/sechUser | INFO: Tag[ view_end ] --START--
[ 2014-08-27T23:50:22+08:00 ] /v/admin.php/User/sechUser | INFO: Run ShowPageTrace Behavior [ RunTime:0.000541s ]
[ 2014-08-27T23:50:22+08:00 ] /v/admin.php/User/sechUser | INFO: Tag[ view_end ] --END-- [ RunTime:0.000597s ]
[ 2014-08-27T23:50:24+08:00 ] /v/admin.php/User/admin | INFO: Tag[ route_check ] --START--
[ 2014-08-27T23:50:24+08:00 ] /v/admin.php/User/admin | INFO: Run CheckRoute Behavior [ RunTime:0.000942s ]
[ 2014-08-27T23:50:24+08:00 ] /v/admin.php/User/admin | INFO: Tag[ route_check ] --END-- [ RunTime:0.001043s ]
[ 2014-08-27T23:50:24+08:00 ] /v/admin.php/User/admin | INFO: Tag[ app_begin ] --START--
[ 2014-08-27T23:50:24+08:00 ] /v/admin.php/User/admin | INFO: Run ReadHtmlCache Behavior [ RunTime:0.000732s ]
[ 2014-08-27T23:50:24+08:00 ] /v/admin.php/User/admin | INFO: Tag[ app_begin ] --END-- [ RunTime:0.000808s ]
[ 2014-08-27T23:50:24+08:00 ] /v/admin.php/User/admin | SQL: SHOW COLUMNS FROM `hd_admin` [ RunTime:0.003370s ]
[ 2014-08-27T23:50:24+08:00 ] /v/admin.php/User/admin | SQL: SELECT * FROM `hd_admin`  [ RunTime:0.000253s ]
[ 2014-08-27T23:50:24+08:00 ] /v/admin.php/User/admin | INFO: Tag[ view_template ] --START--
[ 2014-08-27T23:50:24+08:00 ] /v/admin.php/User/admin | INFO: Run LocationTemplate Behavior [ RunTime:0.001174s ]
[ 2014-08-27T23:50:24+08:00 ] /v/admin.php/User/admin | INFO: Tag[ view_template ] --END-- [ RunTime:0.001258s ]
[ 2014-08-27T23:50:24+08:00 ] /v/admin.php/User/admin | INFO: Tag[ view_parse ] --START--
[ 2014-08-27T23:50:24+08:00 ] /v/admin.php/User/admin | INFO: Run ParseTemplate Behavior [ RunTime:0.035740s ]
[ 2014-08-27T23:50:24+08:00 ] /v/admin.php/User/admin | INFO: Tag[ view_parse ] --END-- [ RunTime:0.035831s ]
[ 2014-08-27T23:50:24+08:00 ] /v/admin.php/User/admin | INFO: Tag[ view_filter ] --START--
[ 2014-08-27T23:50:24+08:00 ] /v/admin.php/User/admin | INFO: Run ContentReplace Behavior [ RunTime:0.000698s ]
[ 2014-08-27T23:50:24+08:00 ] /v/admin.php/User/admin | INFO: Run TokenBuild Behavior [ RunTime:0.000672s ]
[ 2014-08-27T23:50:24+08:00 ] /v/admin.php/User/admin | INFO: Run WriteHtmlCache Behavior [ RunTime:0.000461s ]
[ 2014-08-27T23:50:24+08:00 ] /v/admin.php/User/admin | INFO: Run ShowRuntime Behavior [ RunTime:0.000596s ]
[ 2014-08-27T23:50:24+08:00 ] /v/admin.php/User/admin | INFO: Tag[ view_filter ] --END-- [ RunTime:0.002622s ]
[ 2014-08-27T23:50:24+08:00 ] /v/admin.php/User/admin | INFO: Tag[ view_end ] --START--
[ 2014-08-27T23:50:24+08:00 ] /v/admin.php/User/admin | INFO: Run ShowPageTrace Behavior [ RunTime:0.000481s ]
[ 2014-08-27T23:50:24+08:00 ] /v/admin.php/User/admin | INFO: Tag[ view_end ] --END-- [ RunTime:0.000535s ]
[ 2014-08-27T23:50:27+08:00 ] /v/admin.php/Weibo/index | INFO: Tag[ route_check ] --START--
[ 2014-08-27T23:50:27+08:00 ] /v/admin.php/Weibo/index | INFO: Run CheckRoute Behavior [ RunTime:0.001020s ]
[ 2014-08-27T23:50:27+08:00 ] /v/admin.php/Weibo/index | INFO: Tag[ route_check ] --END-- [ RunTime:0.001123s ]
[ 2014-08-27T23:50:27+08:00 ] /v/admin.php/Weibo/index | INFO: Tag[ app_begin ] --START--
[ 2014-08-27T23:50:27+08:00 ] /v/admin.php/Weibo/index | INFO: Run ReadHtmlCache Behavior [ RunTime:0.000831s ]
[ 2014-08-27T23:50:27+08:00 ] /v/admin.php/Weibo/index | INFO: Tag[ app_begin ] --END-- [ RunTime:0.000909s ]
[ 2014-08-27T23:50:27+08:00 ] /v/admin.php/Weibo/index | SQL: SHOW COLUMNS FROM `hd_weibo` [ RunTime:0.002874s ]
[ 2014-08-27T23:50:27+08:00 ] /v/admin.php/Weibo/index | SQL: SELECT COUNT(*) AS tp_count FROM `hd_weibo` WHERE ( `isturn` = 0 ) LIMIT 1   [ RunTime:0.000377s ]
[ 2014-08-27T23:50:27+08:00 ] /v/admin.php/Weibo/index | SQL: SHOW COLUMNS FROM `hd_picture` [ RunTime:0.002535s ]
[ 2014-08-27T23:50:27+08:00 ] /v/admin.php/Weibo/index | SQL: SHOW COLUMNS FROM `hd_userinfo` [ RunTime:0.002783s ]
[ 2014-08-27T23:50:27+08:00 ] /v/admin.php/Weibo/index | SQL: SELECT weibo.id AS id,weibo.content AS content,weibo.isturn AS isturn,weibo.time AS time,weibo.turn AS turn,weibo.keep AS keep,weibo.comment AS comment,picture.max AS pic,userinfo.uid AS uid,userinfo.username AS username FROM hd_weibo weibo LEFT JOIN hd_picture picture ON weibo.id = picture.wid LEFT JOIN hd_userinfo userinfo ON weibo.uid = userinfo.uid WHERE ( weibo.isturn = 0 ) ORDER BY weibo.time DESC LIMIT 0,20   [ RunTime:0.000646s ]
[ 2014-08-27T23:50:27+08:00 ] /v/admin.php/Weibo/index | INFO: Tag[ view_template ] --START--
[ 2014-08-27T23:50:27+08:00 ] /v/admin.php/Weibo/index | INFO: Run LocationTemplate Behavior [ RunTime:0.000929s ]
[ 2014-08-27T23:50:27+08:00 ] /v/admin.php/Weibo/index | INFO: Tag[ view_template ] --END-- [ RunTime:0.000990s ]
[ 2014-08-27T23:50:27+08:00 ] /v/admin.php/Weibo/index | INFO: Tag[ view_parse ] --START--
[ 2014-08-27T23:50:27+08:00 ] /v/admin.php/Weibo/index | INFO: Run ParseTemplate Behavior [ RunTime:0.009624s ]
[ 2014-08-27T23:50:27+08:00 ] /v/admin.php/Weibo/index | INFO: Tag[ view_parse ] --END-- [ RunTime:0.009685s ]
[ 2014-08-27T23:50:27+08:00 ] /v/admin.php/Weibo/index | INFO: Tag[ view_filter ] --START--
[ 2014-08-27T23:50:27+08:00 ] /v/admin.php/Weibo/index | INFO: Run ContentReplace Behavior [ RunTime:0.000514s ]
[ 2014-08-27T23:50:27+08:00 ] /v/admin.php/Weibo/index | INFO: Run TokenBuild Behavior [ RunTime:0.000481s ]
[ 2014-08-27T23:50:27+08:00 ] /v/admin.php/Weibo/index | INFO: Run WriteHtmlCache Behavior [ RunTime:0.000348s ]
[ 2014-08-27T23:50:27+08:00 ] /v/admin.php/Weibo/index | INFO: Run ShowRuntime Behavior [ RunTime:0.000575s ]
[ 2014-08-27T23:50:27+08:00 ] /v/admin.php/Weibo/index | INFO: Tag[ view_filter ] --END-- [ RunTime:0.002077s ]
[ 2014-08-27T23:50:28+08:00 ] /v/admin.php/Weibo/index | INFO: Tag[ view_end ] --START--
[ 2014-08-27T23:50:28+08:00 ] /v/admin.php/Weibo/index | INFO: Run ShowPageTrace Behavior [ RunTime:0.000489s ]
[ 2014-08-27T23:50:28+08:00 ] /v/admin.php/Weibo/index | INFO: Tag[ view_end ] --END-- [ RunTime:0.000544s ]
[ 2014-08-27T23:50:31+08:00 ] /v/admin.php/Weibo/turn | INFO: Tag[ route_check ] --START--
[ 2014-08-27T23:50:31+08:00 ] /v/admin.php/Weibo/turn | INFO: Run CheckRoute Behavior [ RunTime:0.001126s ]
[ 2014-08-27T23:50:31+08:00 ] /v/admin.php/Weibo/turn | INFO: Tag[ route_check ] --END-- [ RunTime:0.001232s ]
[ 2014-08-27T23:50:31+08:00 ] /v/admin.php/Weibo/turn | INFO: Tag[ app_begin ] --START--
[ 2014-08-27T23:50:31+08:00 ] /v/admin.php/Weibo/turn | INFO: Run ReadHtmlCache Behavior [ RunTime:0.000863s ]
[ 2014-08-27T23:50:31+08:00 ] /v/admin.php/Weibo/turn | INFO: Tag[ app_begin ] --END-- [ RunTime:0.000949s ]
[ 2014-08-27T23:50:31+08:00 ] /v/admin.php/Weibo/turn | SQL: SHOW COLUMNS FROM `hd_weibo` [ RunTime:0.003701s ]
[ 2014-08-27T23:50:31+08:00 ] /v/admin.php/Weibo/turn | SQL: SELECT COUNT(*) AS tp_count FROM `hd_weibo` WHERE ( `isturn` > 0 ) LIMIT 1   [ RunTime:0.000261s ]
[ 2014-08-27T23:50:31+08:00 ] /v/admin.php/Weibo/turn | SQL: SHOW COLUMNS FROM `hd_userinfo` [ RunTime:0.003912s ]
[ 2014-08-27T23:50:31+08:00 ] /v/admin.php/Weibo/turn | SQL: SELECT weibo.id AS id,weibo.content AS content,weibo.isturn AS isturn,weibo.time AS time,weibo.turn AS turn,weibo.keep AS keep,weibo.comment AS comment,userinfo.uid AS uid,userinfo.username AS username FROM hd_weibo weibo LEFT JOIN hd_userinfo userinfo ON weibo.uid = userinfo.uid WHERE ( weibo.isturn > 0 ) ORDER BY weibo.time DESC LIMIT 0,20   [ RunTime:0.000586s ]
[ 2014-08-27T23:50:31+08:00 ] /v/admin.php/Weibo/turn | INFO: Tag[ view_template ] --START--
[ 2014-08-27T23:50:31+08:00 ] /v/admin.php/Weibo/turn | INFO: Run LocationTemplate Behavior [ RunTime:0.001283s ]
[ 2014-08-27T23:50:31+08:00 ] /v/admin.php/Weibo/turn | INFO: Tag[ view_template ] --END-- [ RunTime:0.001378s ]
[ 2014-08-27T23:50:31+08:00 ] /v/admin.php/Weibo/turn | INFO: Tag[ view_parse ] --START--
[ 2014-08-27T23:50:31+08:00 ] /v/admin.php/Weibo/turn | INFO: Run ParseTemplate Behavior [ RunTime:0.030832s ]
[ 2014-08-27T23:50:31+08:00 ] /v/admin.php/Weibo/turn | INFO: Tag[ view_parse ] --END-- [ RunTime:0.030905s ]
[ 2014-08-27T23:50:31+08:00 ] /v/admin.php/Weibo/turn | INFO: Tag[ view_filter ] --START--
[ 2014-08-27T23:50:31+08:00 ] /v/admin.php/Weibo/turn | INFO: Run ContentReplace Behavior [ RunTime:0.000721s ]
[ 2014-08-27T23:50:31+08:00 ] /v/admin.php/Weibo/turn | INFO: Run TokenBuild Behavior [ RunTime:0.000677s ]
[ 2014-08-27T23:50:31+08:00 ] /v/admin.php/Weibo/turn | INFO: Run WriteHtmlCache Behavior [ RunTime:0.000475s ]
[ 2014-08-27T23:50:31+08:00 ] /v/admin.php/Weibo/turn | INFO: Run ShowRuntime Behavior [ RunTime:0.000857s ]
[ 2014-08-27T23:50:31+08:00 ] /v/admin.php/Weibo/turn | INFO: Tag[ view_filter ] --END-- [ RunTime:0.002911s ]
[ 2014-08-27T23:50:31+08:00 ] /v/admin.php/Weibo/turn | INFO: Tag[ view_end ] --START--
[ 2014-08-27T23:50:31+08:00 ] /v/admin.php/Weibo/turn | INFO: Run ShowPageTrace Behavior [ RunTime:0.000597s ]
[ 2014-08-27T23:50:31+08:00 ] /v/admin.php/Weibo/turn | INFO: Tag[ view_end ] --END-- [ RunTime:0.000650s ]
[ 2014-08-27T23:50:36+08:00 ] /v/admin.php/Weibo/sechWeibo | INFO: Tag[ route_check ] --START--
[ 2014-08-27T23:50:36+08:00 ] /v/admin.php/Weibo/sechWeibo | INFO: Run CheckRoute Behavior [ RunTime:0.000748s ]
[ 2014-08-27T23:50:36+08:00 ] /v/admin.php/Weibo/sechWeibo | INFO: Tag[ route_check ] --END-- [ RunTime:0.000829s ]
[ 2014-08-27T23:50:36+08:00 ] /v/admin.php/Weibo/sechWeibo | INFO: Tag[ app_begin ] --START--
[ 2014-08-27T23:50:36+08:00 ] /v/admin.php/Weibo/sechWeibo | INFO: Run ReadHtmlCache Behavior [ RunTime:0.000591s ]
[ 2014-08-27T23:50:36+08:00 ] /v/admin.php/Weibo/sechWeibo | INFO: Tag[ app_begin ] --END-- [ RunTime:0.000648s ]
[ 2014-08-27T23:50:36+08:00 ] /v/admin.php/Weibo/sechWeibo | INFO: Tag[ view_template ] --START--
[ 2014-08-27T23:50:36+08:00 ] /v/admin.php/Weibo/sechWeibo | INFO: Run LocationTemplate Behavior [ RunTime:0.000810s ]
[ 2014-08-27T23:50:36+08:00 ] /v/admin.php/Weibo/sechWeibo | INFO: Tag[ view_template ] --END-- [ RunTime:0.000884s ]
[ 2014-08-27T23:50:36+08:00 ] /v/admin.php/Weibo/sechWeibo | INFO: Tag[ view_parse ] --START--
[ 2014-08-27T23:50:36+08:00 ] /v/admin.php/Weibo/sechWeibo | NOTIC: [8] Undefined variable: weibo a4568ccd42795cd151e1044e7e9ab285.php 第 35 行.
[ 2014-08-27T23:50:36+08:00 ] /v/admin.php/Weibo/sechWeibo | INFO: Run ParseTemplate Behavior [ RunTime:0.009029s ]
[ 2014-08-27T23:50:36+08:00 ] /v/admin.php/Weibo/sechWeibo | INFO: Tag[ view_parse ] --END-- [ RunTime:0.009089s ]
[ 2014-08-27T23:50:36+08:00 ] /v/admin.php/Weibo/sechWeibo | INFO: Tag[ view_filter ] --START--
[ 2014-08-27T23:50:36+08:00 ] /v/admin.php/Weibo/sechWeibo | INFO: Run ContentReplace Behavior [ RunTime:0.000479s ]
[ 2014-08-27T23:50:36+08:00 ] /v/admin.php/Weibo/sechWeibo | INFO: Run TokenBuild Behavior [ RunTime:0.000525s ]
[ 2014-08-27T23:50:36+08:00 ] /v/admin.php/Weibo/sechWeibo | INFO: Run WriteHtmlCache Behavior [ RunTime:0.000346s ]
[ 2014-08-27T23:50:36+08:00 ] /v/admin.php/Weibo/sechWeibo | INFO: Run ShowRuntime Behavior [ RunTime:0.000536s ]
[ 2014-08-27T23:50:36+08:00 ] /v/admin.php/Weibo/sechWeibo | INFO: Tag[ view_filter ] --END-- [ RunTime:0.002041s ]
[ 2014-08-27T23:50:36+08:00 ] /v/admin.php/Weibo/sechWeibo | INFO: Tag[ view_end ] --START--
[ 2014-08-27T23:50:36+08:00 ] /v/admin.php/Weibo/sechWeibo | INFO: Run ShowPageTrace Behavior [ RunTime:0.000504s ]
[ 2014-08-27T23:50:36+08:00 ] /v/admin.php/Weibo/sechWeibo | INFO: Tag[ view_end ] --END-- [ RunTime:0.000559s ]
[ 2014-08-27T23:50:38+08:00 ] /v/admin.php/Weibo/comment | INFO: Tag[ route_check ] --START--
[ 2014-08-27T23:50:38+08:00 ] /v/admin.php/Weibo/comment | INFO: Run CheckRoute Behavior [ RunTime:0.001076s ]
[ 2014-08-27T23:50:38+08:00 ] /v/admin.php/Weibo/comment | INFO: Tag[ route_check ] --END-- [ RunTime:0.001193s ]
[ 2014-08-27T23:50:38+08:00 ] /v/admin.php/Weibo/comment | INFO: Tag[ app_begin ] --START--
[ 2014-08-27T23:50:38+08:00 ] /v/admin.php/Weibo/comment | INFO: Run ReadHtmlCache Behavior [ RunTime:0.000859s ]
[ 2014-08-27T23:50:38+08:00 ] /v/admin.php/Weibo/comment | INFO: Tag[ app_begin ] --END-- [ RunTime:0.000963s ]
[ 2014-08-27T23:50:38+08:00 ] /v/admin.php/Weibo/comment | SQL: SHOW COLUMNS FROM `hd_comment` [ RunTime:0.002609s ]
[ 2014-08-27T23:50:38+08:00 ] /v/admin.php/Weibo/comment | SQL: SELECT COUNT(*) AS tp_count FROM `hd_comment` LIMIT 1   [ RunTime:0.000185s ]
[ 2014-08-27T23:50:38+08:00 ] /v/admin.php/Weibo/comment | SQL: SHOW COLUMNS FROM `hd_userinfo` [ RunTime:0.002567s ]
[ 2014-08-27T23:50:38+08:00 ] /v/admin.php/Weibo/comment | SQL: SELECT comment.id AS id,comment.content AS content,comment.time AS time,comment.wid AS wid,userinfo.username AS username FROM hd_comment comment LEFT JOIN hd_userinfo userinfo ON comment.uid = userinfo.uid ORDER BY comment.time DESC LIMIT 0,20   [ RunTime:0.000343s ]
[ 2014-08-27T23:50:38+08:00 ] /v/admin.php/Weibo/comment | INFO: Tag[ view_template ] --START--
[ 2014-08-27T23:50:38+08:00 ] /v/admin.php/Weibo/comment | INFO: Run LocationTemplate Behavior [ RunTime:0.000745s ]
[ 2014-08-27T23:50:38+08:00 ] /v/admin.php/Weibo/comment | INFO: Tag[ view_template ] --END-- [ RunTime:0.000822s ]
[ 2014-08-27T23:50:38+08:00 ] /v/admin.php/Weibo/comment | INFO: Tag[ view_parse ] --START--
[ 2014-08-27T23:50:38+08:00 ] /v/admin.php/Weibo/comment | INFO: Run ParseTemplate Behavior [ RunTime:0.008896s ]
[ 2014-08-27T23:50:38+08:00 ] /v/admin.php/Weibo/comment | INFO: Tag[ view_parse ] --END-- [ RunTime:0.008961s ]
[ 2014-08-27T23:50:38+08:00 ] /v/admin.php/Weibo/comment | INFO: Tag[ view_filter ] --START--
[ 2014-08-27T23:50:38+08:00 ] /v/admin.php/Weibo/comment | INFO: Run ContentReplace Behavior [ RunTime:0.000596s ]
[ 2014-08-27T23:50:38+08:00 ] /v/admin.php/Weibo/comment | INFO: Run TokenBuild Behavior [ RunTime:0.000457s ]
[ 2014-08-27T23:50:38+08:00 ] /v/admin.php/Weibo/comment | INFO: Run WriteHtmlCache Behavior [ RunTime:0.000325s ]
[ 2014-08-27T23:50:38+08:00 ] /v/admin.php/Weibo/comment | INFO: Run ShowRuntime Behavior [ RunTime:0.000570s ]
[ 2014-08-27T23:50:38+08:00 ] /v/admin.php/Weibo/comment | INFO: Tag[ view_filter ] --END-- [ RunTime:0.002108s ]
[ 2014-08-27T23:50:38+08:00 ] /v/admin.php/Weibo/comment | INFO: Tag[ view_end ] --START--
[ 2014-08-27T23:50:38+08:00 ] /v/admin.php/Weibo/comment | INFO: Run ShowPageTrace Behavior [ RunTime:0.000600s ]
[ 2014-08-27T23:50:38+08:00 ] /v/admin.php/Weibo/comment | INFO: Tag[ view_end ] --END-- [ RunTime:0.000664s ]
[ 2014-08-27T23:50:40+08:00 ] /v/admin.php/Weibo/sechComment | INFO: Tag[ route_check ] --START--
[ 2014-08-27T23:50:40+08:00 ] /v/admin.php/Weibo/sechComment | INFO: Run CheckRoute Behavior [ RunTime:0.000907s ]
[ 2014-08-27T23:50:40+08:00 ] /v/admin.php/Weibo/sechComment | INFO: Tag[ route_check ] --END-- [ RunTime:0.001016s ]
[ 2014-08-27T23:50:40+08:00 ] /v/admin.php/Weibo/sechComment | INFO: Tag[ app_begin ] --START--
[ 2014-08-27T23:50:40+08:00 ] /v/admin.php/Weibo/sechComment | INFO: Run ReadHtmlCache Behavior [ RunTime:0.000743s ]
[ 2014-08-27T23:50:40+08:00 ] /v/admin.php/Weibo/sechComment | INFO: Tag[ app_begin ] --END-- [ RunTime:0.000821s ]
[ 2014-08-27T23:50:40+08:00 ] /v/admin.php/Weibo/sechComment | INFO: Tag[ view_template ] --START--
[ 2014-08-27T23:50:40+08:00 ] /v/admin.php/Weibo/sechComment | INFO: Run LocationTemplate Behavior [ RunTime:0.000822s ]
[ 2014-08-27T23:50:40+08:00 ] /v/admin.php/Weibo/sechComment | INFO: Tag[ view_template ] --END-- [ RunTime:0.000894s ]
[ 2014-08-27T23:50:40+08:00 ] /v/admin.php/Weibo/sechComment | INFO: Tag[ view_parse ] --START--
[ 2014-08-27T23:50:40+08:00 ] /v/admin.php/Weibo/sechComment | NOTIC: [8] Undefined variable: comment 3ed335edb10d685b0ada92345d2e9f86.php 第 33 行.
[ 2014-08-27T23:50:40+08:00 ] /v/admin.php/Weibo/sechComment | INFO: Run ParseTemplate Behavior [ RunTime:0.008668s ]
[ 2014-08-27T23:50:40+08:00 ] /v/admin.php/Weibo/sechComment | INFO: Tag[ view_parse ] --END-- [ RunTime:0.008727s ]
[ 2014-08-27T23:50:40+08:00 ] /v/admin.php/Weibo/sechComment | INFO: Tag[ view_filter ] --START--
[ 2014-08-27T23:50:40+08:00 ] /v/admin.php/Weibo/sechComment | INFO: Run ContentReplace Behavior [ RunTime:0.000475s ]
[ 2014-08-27T23:50:40+08:00 ] /v/admin.php/Weibo/sechComment | INFO: Run TokenBuild Behavior [ RunTime:0.000534s ]
[ 2014-08-27T23:50:40+08:00 ] /v/admin.php/Weibo/sechComment | INFO: Run WriteHtmlCache Behavior [ RunTime:0.000346s ]
[ 2014-08-27T23:50:40+08:00 ] /v/admin.php/Weibo/sechComment | INFO: Run ShowRuntime Behavior [ RunTime:0.000559s ]
[ 2014-08-27T23:50:40+08:00 ] /v/admin.php/Weibo/sechComment | INFO: Tag[ view_filter ] --END-- [ RunTime:0.002072s ]
[ 2014-08-27T23:50:40+08:00 ] /v/admin.php/Weibo/sechComment | INFO: Tag[ view_end ] --START--
[ 2014-08-27T23:50:40+08:00 ] /v/admin.php/Weibo/sechComment | INFO: Run ShowPageTrace Behavior [ RunTime:0.000531s ]
[ 2014-08-27T23:50:40+08:00 ] /v/admin.php/Weibo/sechComment | INFO: Tag[ view_end ] --END-- [ RunTime:0.000588s ]
[ 2014-08-27T23:50:41+08:00 ] /v/admin.php/System/filter | INFO: Tag[ route_check ] --START--
[ 2014-08-27T23:50:41+08:00 ] /v/admin.php/System/filter | INFO: Run CheckRoute Behavior [ RunTime:0.000955s ]
[ 2014-08-27T23:50:41+08:00 ] /v/admin.php/System/filter | INFO: Tag[ route_check ] --END-- [ RunTime:0.001050s ]
[ 2014-08-27T23:50:41+08:00 ] /v/admin.php/System/filter | INFO: Tag[ app_begin ] --START--
[ 2014-08-27T23:50:41+08:00 ] /v/admin.php/System/filter | INFO: Run ReadHtmlCache Behavior [ RunTime:0.000600s ]
[ 2014-08-27T23:50:41+08:00 ] /v/admin.php/System/filter | INFO: Tag[ app_begin ] --END-- [ RunTime:0.000659s ]
[ 2014-08-27T23:50:41+08:00 ] /v/admin.php/System/filter | INFO: Tag[ view_template ] --START--
[ 2014-08-27T23:50:41+08:00 ] /v/admin.php/System/filter | INFO: Run LocationTemplate Behavior [ RunTime:0.000864s ]
[ 2014-08-27T23:50:41+08:00 ] /v/admin.php/System/filter | INFO: Tag[ view_template ] --END-- [ RunTime:0.000947s ]
[ 2014-08-27T23:50:41+08:00 ] /v/admin.php/System/filter | INFO: Tag[ view_parse ] --START--
[ 2014-08-27T23:50:41+08:00 ] /v/admin.php/System/filter | INFO: Run ParseTemplate Behavior [ RunTime:0.030209s ]
[ 2014-08-27T23:50:41+08:00 ] /v/admin.php/System/filter | INFO: Tag[ view_parse ] --END-- [ RunTime:0.030282s ]
[ 2014-08-27T23:50:41+08:00 ] /v/admin.php/System/filter | INFO: Tag[ view_filter ] --START--
[ 2014-08-27T23:50:41+08:00 ] /v/admin.php/System/filter | INFO: Run ContentReplace Behavior [ RunTime:0.000515s ]
[ 2014-08-27T23:50:41+08:00 ] /v/admin.php/System/filter | INFO: Run TokenBuild Behavior [ RunTime:0.000585s ]
[ 2014-08-27T23:50:41+08:00 ] /v/admin.php/System/filter | INFO: Run WriteHtmlCache Behavior [ RunTime:0.000372s ]
[ 2014-08-27T23:50:41+08:00 ] /v/admin.php/System/filter | INFO: Run ShowRuntime Behavior [ RunTime:0.000605s ]
[ 2014-08-27T23:50:41+08:00 ] /v/admin.php/System/filter | INFO: Tag[ view_filter ] --END-- [ RunTime:0.002240s ]
[ 2014-08-27T23:50:41+08:00 ] /v/admin.php/System/filter | INFO: Tag[ view_end ] --START--
[ 2014-08-27T23:50:41+08:00 ] /v/admin.php/System/filter | INFO: Run ShowPageTrace Behavior [ RunTime:0.000488s ]
[ 2014-08-27T23:50:41+08:00 ] /v/admin.php/System/filter | INFO: Tag[ view_end ] --END-- [ RunTime:0.000542s ]
[ 2014-08-27T23:50:44+08:00 ] /v/admin.php/System/index | INFO: Tag[ route_check ] --START--
[ 2014-08-27T23:50:44+08:00 ] /v/admin.php/System/index | INFO: Run CheckRoute Behavior [ RunTime:0.000944s ]
[ 2014-08-27T23:50:44+08:00 ] /v/admin.php/System/index | INFO: Tag[ route_check ] --END-- [ RunTime:0.001049s ]
[ 2014-08-27T23:50:44+08:00 ] /v/admin.php/System/index | INFO: Tag[ app_begin ] --START--
[ 2014-08-27T23:50:44+08:00 ] /v/admin.php/System/index | INFO: Run ReadHtmlCache Behavior [ RunTime:0.000812s ]
[ 2014-08-27T23:50:44+08:00 ] /v/admin.php/System/index | INFO: Tag[ app_begin ] --END-- [ RunTime:0.000891s ]
[ 2014-08-27T23:50:44+08:00 ] /v/admin.php/System/index | INFO: Tag[ view_template ] --START--
[ 2014-08-27T23:50:44+08:00 ] /v/admin.php/System/index | INFO: Run LocationTemplate Behavior [ RunTime:0.001011s ]
[ 2014-08-27T23:50:44+08:00 ] /v/admin.php/System/index | INFO: Tag[ view_template ] --END-- [ RunTime:0.001107s ]
[ 2014-08-27T23:50:44+08:00 ] /v/admin.php/System/index | INFO: Tag[ view_parse ] --START--
[ 2014-08-27T23:50:44+08:00 ] /v/admin.php/System/index | INFO: Run ParseTemplate Behavior [ RunTime:0.029878s ]
[ 2014-08-27T23:50:44+08:00 ] /v/admin.php/System/index | INFO: Tag[ view_parse ] --END-- [ RunTime:0.029967s ]
[ 2014-08-27T23:50:44+08:00 ] /v/admin.php/System/index | INFO: Tag[ view_filter ] --START--
[ 2014-08-27T23:50:44+08:00 ] /v/admin.php/System/index | INFO: Run ContentReplace Behavior [ RunTime:0.000608s ]
[ 2014-08-27T23:50:44+08:00 ] /v/admin.php/System/index | INFO: Run TokenBuild Behavior [ RunTime:0.000638s ]
[ 2014-08-27T23:50:44+08:00 ] /v/admin.php/System/index | INFO: Run WriteHtmlCache Behavior [ RunTime:0.000422s ]
[ 2014-08-27T23:50:44+08:00 ] /v/admin.php/System/index | INFO: Run ShowRuntime Behavior [ RunTime:0.000691s ]
[ 2014-08-27T23:50:44+08:00 ] /v/admin.php/System/index | INFO: Tag[ view_filter ] --END-- [ RunTime:0.002565s ]
[ 2014-08-27T23:50:44+08:00 ] /v/admin.php/System/index | INFO: Tag[ view_end ] --START--
[ 2014-08-27T23:50:44+08:00 ] /v/admin.php/System/index | INFO: Run ShowPageTrace Behavior [ RunTime:0.000571s ]
[ 2014-08-27T23:50:44+08:00 ] /v/admin.php/System/index | INFO: Tag[ view_end ] --END-- [ RunTime:0.000635s ]
[ 2014-08-27T23:50:47+08:00 ] /v/admin.php/User/editPwd | INFO: Tag[ route_check ] --START--
[ 2014-08-27T23:50:47+08:00 ] /v/admin.php/User/editPwd | INFO: Run CheckRoute Behavior [ RunTime:0.000933s ]
[ 2014-08-27T23:50:47+08:00 ] /v/admin.php/User/editPwd | INFO: Tag[ route_check ] --END-- [ RunTime:0.001034s ]
[ 2014-08-27T23:50:47+08:00 ] /v/admin.php/User/editPwd | INFO: Tag[ app_begin ] --START--
[ 2014-08-27T23:50:47+08:00 ] /v/admin.php/User/editPwd | INFO: Run ReadHtmlCache Behavior [ RunTime:0.000737s ]
[ 2014-08-27T23:50:47+08:00 ] /v/admin.php/User/editPwd | INFO: Tag[ app_begin ] --END-- [ RunTime:0.000813s ]
[ 2014-08-27T23:50:47+08:00 ] /v/admin.php/User/editPwd | INFO: Tag[ view_template ] --START--
[ 2014-08-27T23:50:47+08:00 ] /v/admin.php/User/editPwd | INFO: Run LocationTemplate Behavior [ RunTime:0.000739s ]
[ 2014-08-27T23:50:47+08:00 ] /v/admin.php/User/editPwd | INFO: Tag[ view_template ] --END-- [ RunTime:0.000822s ]
[ 2014-08-27T23:50:47+08:00 ] /v/admin.php/User/editPwd | INFO: Tag[ view_parse ] --START--
[ 2014-08-27T23:50:47+08:00 ] /v/admin.php/User/editPwd | INFO: Run ParseTemplate Behavior [ RunTime:0.027138s ]
[ 2014-08-27T23:50:47+08:00 ] /v/admin.php/User/editPwd | INFO: Tag[ view_parse ] --END-- [ RunTime:0.027224s ]
[ 2014-08-27T23:50:47+08:00 ] /v/admin.php/User/editPwd | INFO: Tag[ view_filter ] --START--
[ 2014-08-27T23:50:47+08:00 ] /v/admin.php/User/editPwd | INFO: Run ContentReplace Behavior [ RunTime:0.000553s ]
[ 2014-08-27T23:50:47+08:00 ] /v/admin.php/User/editPwd | INFO: Run TokenBuild Behavior [ RunTime:0.000647s ]
[ 2014-08-27T23:50:47+08:00 ] /v/admin.php/User/editPwd | INFO: Run WriteHtmlCache Behavior [ RunTime:0.000470s ]
[ 2014-08-27T23:50:47+08:00 ] /v/admin.php/User/editPwd | INFO: Run ShowRuntime Behavior [ RunTime:0.000679s ]
[ 2014-08-27T23:50:47+08:00 ] /v/admin.php/User/editPwd | INFO: Tag[ view_filter ] --END-- [ RunTime:0.002554s ]
[ 2014-08-27T23:50:47+08:00 ] /v/admin.php/User/editPwd | INFO: Tag[ view_end ] --START--
[ 2014-08-27T23:50:47+08:00 ] /v/admin.php/User/editPwd | INFO: Run ShowPageTrace Behavior [ RunTime:0.000622s ]
[ 2014-08-27T23:50:47+08:00 ] /v/admin.php/User/editPwd | INFO: Tag[ view_end ] --END-- [ RunTime:0.000697s ]
[ 2014-08-27T23:57:55+08:00 ] /v/admin.php/User/index | INFO: Tag[ route_check ] --START--
[ 2014-08-27T23:57:55+08:00 ] /v/admin.php/User/index | INFO: Run CheckRoute Behavior [ RunTime:0.000733s ]
[ 2014-08-27T23:57:55+08:00 ] /v/admin.php/User/index | INFO: Tag[ route_check ] --END-- [ RunTime:0.000848s ]
[ 2014-08-27T23:57:55+08:00 ] /v/admin.php/User/index | INFO: Tag[ app_begin ] --START--
[ 2014-08-27T23:57:55+08:00 ] /v/admin.php/User/index | INFO: Run ReadHtmlCache Behavior [ RunTime:0.000512s ]
[ 2014-08-27T23:57:55+08:00 ] /v/admin.php/User/index | INFO: Tag[ app_begin ] --END-- [ RunTime:0.000570s ]
[ 2014-08-27T23:57:55+08:00 ] /v/admin.php/User/index | SQL: SHOW COLUMNS FROM `hd_user` [ RunTime:0.003330s ]
[ 2014-08-27T23:57:55+08:00 ] /v/admin.php/User/index | SQL: SELECT COUNT(*) AS tp_count FROM `hd_user` LIMIT 1   [ RunTime:0.000160s ]
[ 2014-08-27T23:57:55+08:00 ] /v/admin.php/User/index | SQL: SHOW COLUMNS FROM `hd_userinfo` [ RunTime:0.002732s ]
[ 2014-08-27T23:57:55+08:00 ] /v/admin.php/User/index | SQL: SELECT user.id AS id,user.`lock` AS `lock`,user.registime AS registime,userinfo.username AS username,userinfo.face50 AS face,userinfo.follow AS follow,userinfo.fans AS fans,userinfo.weibo AS weibo FROM hd_user user LEFT JOIN hd_userinfo userinfo ON user.id = userinfo.uid LIMIT 0,20   [ RunTime:0.000384s ]
[ 2014-08-27T23:57:55+08:00 ] /v/admin.php/User/index | INFO: Tag[ view_template ] --START--
[ 2014-08-27T23:57:55+08:00 ] /v/admin.php/User/index | INFO: Run LocationTemplate Behavior [ RunTime:0.000910s ]
[ 2014-08-27T23:57:55+08:00 ] /v/admin.php/User/index | INFO: Tag[ view_template ] --END-- [ RunTime:0.000989s ]
[ 2014-08-27T23:57:55+08:00 ] /v/admin.php/User/index | INFO: Tag[ view_parse ] --START--
[ 2014-08-27T23:57:55+08:00 ] /v/admin.php/User/index | INFO: Run ParseTemplate Behavior [ RunTime:0.008831s ]
[ 2014-08-27T23:57:55+08:00 ] /v/admin.php/User/index | INFO: Tag[ view_parse ] --END-- [ RunTime:0.008917s ]
[ 2014-08-27T23:57:55+08:00 ] /v/admin.php/User/index | INFO: Tag[ view_filter ] --START--
[ 2014-08-27T23:57:55+08:00 ] /v/admin.php/User/index | INFO: Run ContentReplace Behavior [ RunTime:0.000710s ]
[ 2014-08-27T23:57:55+08:00 ] /v/admin.php/User/index | INFO: Run TokenBuild Behavior [ RunTime:0.000566s ]
[ 2014-08-27T23:57:55+08:00 ] /v/admin.php/User/index | INFO: Run WriteHtmlCache Behavior [ RunTime:0.000546s ]
[ 2014-08-27T23:57:55+08:00 ] /v/admin.php/User/index | INFO: Run ShowRuntime Behavior [ RunTime:0.000567s ]
[ 2014-08-27T23:57:55+08:00 ] /v/admin.php/User/index | INFO: Tag[ view_filter ] --END-- [ RunTime:0.002602s ]
[ 2014-08-27T23:57:55+08:00 ] /v/admin.php/User/index | INFO: Tag[ view_end ] --START--
[ 2014-08-27T23:57:55+08:00 ] /v/admin.php/User/index | INFO: Run ShowPageTrace Behavior [ RunTime:0.000536s ]
[ 2014-08-27T23:57:55+08:00 ] /v/admin.php/User/index | INFO: Tag[ view_end ] --END-- [ RunTime:0.000597s ]
[ 2014-08-27T23:57:56+08:00 ] /v/admin.php/User/sechUser | INFO: Tag[ route_check ] --START--
[ 2014-08-27T23:57:56+08:00 ] /v/admin.php/User/sechUser | INFO: Run CheckRoute Behavior [ RunTime:0.000905s ]
[ 2014-08-27T23:57:56+08:00 ] /v/admin.php/User/sechUser | INFO: Tag[ route_check ] --END-- [ RunTime:0.001010s ]
[ 2014-08-27T23:57:56+08:00 ] /v/admin.php/User/sechUser | INFO: Tag[ app_begin ] --START--
[ 2014-08-27T23:57:56+08:00 ] /v/admin.php/User/sechUser | INFO: Run ReadHtmlCache Behavior [ RunTime:0.000750s ]
[ 2014-08-27T23:57:56+08:00 ] /v/admin.php/User/sechUser | INFO: Tag[ app_begin ] --END-- [ RunTime:0.000830s ]
[ 2014-08-27T23:57:56+08:00 ] /v/admin.php/User/sechUser | INFO: Tag[ view_template ] --START--
[ 2014-08-27T23:57:56+08:00 ] /v/admin.php/User/sechUser | INFO: Run LocationTemplate Behavior [ RunTime:0.000787s ]
[ 2014-08-27T23:57:56+08:00 ] /v/admin.php/User/sechUser | INFO: Tag[ view_template ] --END-- [ RunTime:0.000880s ]
[ 2014-08-27T23:57:56+08:00 ] /v/admin.php/User/sechUser | INFO: Tag[ view_parse ] --START--
[ 2014-08-27T23:57:56+08:00 ] /v/admin.php/User/sechUser | NOTIC: [8] Undefined variable: user 959ab1844c07a1eb0c0ba81766ff4cab.php 第 39 行.
[ 2014-08-27T23:57:56+08:00 ] /v/admin.php/User/sechUser | INFO: Run ParseTemplate Behavior [ RunTime:0.010918s ]
[ 2014-08-27T23:57:56+08:00 ] /v/admin.php/User/sechUser | INFO: Tag[ view_parse ] --END-- [ RunTime:0.010983s ]
[ 2014-08-27T23:57:56+08:00 ] /v/admin.php/User/sechUser | INFO: Tag[ view_filter ] --START--
[ 2014-08-27T23:57:56+08:00 ] /v/admin.php/User/sechUser | INFO: Run ContentReplace Behavior [ RunTime:0.000448s ]
[ 2014-08-27T23:57:56+08:00 ] /v/admin.php/User/sechUser | INFO: Run TokenBuild Behavior [ RunTime:0.000523s ]
[ 2014-08-27T23:57:56+08:00 ] /v/admin.php/User/sechUser | INFO: Run WriteHtmlCache Behavior [ RunTime:0.000360s ]
[ 2014-08-27T23:57:56+08:00 ] /v/admin.php/User/sechUser | INFO: Run ShowRuntime Behavior [ RunTime:0.000508s ]
[ 2014-08-27T23:57:56+08:00 ] /v/admin.php/User/sechUser | INFO: Tag[ view_filter ] --END-- [ RunTime:0.002000s ]
[ 2014-08-27T23:57:56+08:00 ] /v/admin.php/User/sechUser | INFO: Tag[ view_end ] --START--
[ 2014-08-27T23:57:56+08:00 ] /v/admin.php/User/sechUser | INFO: Run ShowPageTrace Behavior [ RunTime:0.000453s ]
[ 2014-08-27T23:57:56+08:00 ] /v/admin.php/User/sechUser | INFO: Tag[ view_end ] --END-- [ RunTime:0.000506s ]
[ 2014-08-27T23:57:57+08:00 ] /v/admin.php/User/admin | INFO: Tag[ route_check ] --START--
[ 2014-08-27T23:57:57+08:00 ] /v/admin.php/User/admin | INFO: Run CheckRoute Behavior [ RunTime:0.001265s ]
[ 2014-08-27T23:57:57+08:00 ] /v/admin.php/User/admin | INFO: Tag[ route_check ] --END-- [ RunTime:0.001378s ]
[ 2014-08-27T23:57:57+08:00 ] /v/admin.php/User/admin | INFO: Tag[ app_begin ] --START--
[ 2014-08-27T23:57:57+08:00 ] /v/admin.php/User/admin | INFO: Run ReadHtmlCache Behavior [ RunTime:0.000922s ]
[ 2014-08-27T23:57:57+08:00 ] /v/admin.php/User/admin | INFO: Tag[ app_begin ] --END-- [ RunTime:0.001001s ]
[ 2014-08-27T23:57:57+08:00 ] /v/admin.php/User/admin | SQL: SHOW COLUMNS FROM `hd_admin` [ RunTime:0.003232s ]
[ 2014-08-27T23:57:57+08:00 ] /v/admin.php/User/admin | SQL: SELECT * FROM `hd_admin`  [ RunTime:0.000219s ]
[ 2014-08-27T23:57:57+08:00 ] /v/admin.php/User/admin | INFO: Tag[ view_template ] --START--
[ 2014-08-27T23:57:57+08:00 ] /v/admin.php/User/admin | INFO: Run LocationTemplate Behavior [ RunTime:0.000712s ]
[ 2014-08-27T23:57:57+08:00 ] /v/admin.php/User/admin | INFO: Tag[ view_template ] --END-- [ RunTime:0.000777s ]
[ 2014-08-27T23:57:57+08:00 ] /v/admin.php/User/admin | INFO: Tag[ view_parse ] --START--
[ 2014-08-27T23:57:57+08:00 ] /v/admin.php/User/admin | INFO: Run ParseTemplate Behavior [ RunTime:0.008352s ]
[ 2014-08-27T23:57:57+08:00 ] /v/admin.php/User/admin | INFO: Tag[ view_parse ] --END-- [ RunTime:0.008427s ]
[ 2014-08-27T23:57:57+08:00 ] /v/admin.php/User/admin | INFO: Tag[ view_filter ] --START--
[ 2014-08-27T23:57:57+08:00 ] /v/admin.php/User/admin | INFO: Run ContentReplace Behavior [ RunTime:0.000593s ]
[ 2014-08-27T23:57:57+08:00 ] /v/admin.php/User/admin | INFO: Run TokenBuild Behavior [ RunTime:0.000614s ]
[ 2014-08-27T23:57:57+08:00 ] /v/admin.php/User/admin | INFO: Run WriteHtmlCache Behavior [ RunTime:0.000432s ]
[ 2014-08-27T23:57:57+08:00 ] /v/admin.php/User/admin | INFO: Run ShowRuntime Behavior [ RunTime:0.000650s ]
[ 2014-08-27T23:57:57+08:00 ] /v/admin.php/User/admin | INFO: Tag[ view_filter ] --END-- [ RunTime:0.002501s ]
[ 2014-08-27T23:57:57+08:00 ] /v/admin.php/User/admin | INFO: Tag[ view_end ] --START--
[ 2014-08-27T23:57:57+08:00 ] /v/admin.php/User/admin | INFO: Run ShowPageTrace Behavior [ RunTime:0.000583s ]
[ 2014-08-27T23:57:57+08:00 ] /v/admin.php/User/admin | INFO: Tag[ view_end ] --END-- [ RunTime:0.000654s ]
[ 2014-08-27T23:57:58+08:00 ] /v/admin.php/Weibo/index | INFO: Tag[ route_check ] --START--
[ 2014-08-27T23:57:58+08:00 ] /v/admin.php/Weibo/index | INFO: Run CheckRoute Behavior [ RunTime:0.000768s ]
[ 2014-08-27T23:57:58+08:00 ] /v/admin.php/Weibo/index | INFO: Tag[ route_check ] --END-- [ RunTime:0.000850s ]
[ 2014-08-27T23:57:58+08:00 ] /v/admin.php/Weibo/index | INFO: Tag[ app_begin ] --START--
[ 2014-08-27T23:57:58+08:00 ] /v/admin.php/Weibo/index | INFO: Run ReadHtmlCache Behavior [ RunTime:0.000536s ]
[ 2014-08-27T23:57:58+08:00 ] /v/admin.php/Weibo/index | INFO: Tag[ app_begin ] --END-- [ RunTime:0.000592s ]
[ 2014-08-27T23:57:58+08:00 ] /v/admin.php/Weibo/index | SQL: SHOW COLUMNS FROM `hd_weibo` [ RunTime:0.003292s ]
[ 2014-08-27T23:57:58+08:00 ] /v/admin.php/Weibo/index | SQL: SELECT COUNT(*) AS tp_count FROM `hd_weibo` WHERE ( `isturn` = 0 ) LIMIT 1   [ RunTime:0.000266s ]
[ 2014-08-27T23:57:58+08:00 ] /v/admin.php/Weibo/index | SQL: SHOW COLUMNS FROM `hd_picture` [ RunTime:0.003118s ]
[ 2014-08-27T23:57:58+08:00 ] /v/admin.php/Weibo/index | SQL: SHOW COLUMNS FROM `hd_userinfo` [ RunTime:0.003101s ]
[ 2014-08-27T23:57:58+08:00 ] /v/admin.php/Weibo/index | SQL: SELECT weibo.id AS id,weibo.content AS content,weibo.isturn AS isturn,weibo.time AS time,weibo.turn AS turn,weibo.keep AS keep,weibo.comment AS comment,picture.max AS pic,userinfo.uid AS uid,userinfo.username AS username FROM hd_weibo weibo LEFT JOIN hd_picture picture ON weibo.id = picture.wid LEFT JOIN hd_userinfo userinfo ON weibo.uid = userinfo.uid WHERE ( weibo.isturn = 0 ) ORDER BY weibo.time DESC LIMIT 0,20   [ RunTime:0.000673s ]
[ 2014-08-27T23:57:58+08:00 ] /v/admin.php/Weibo/index | INFO: Tag[ view_template ] --START--
[ 2014-08-27T23:57:58+08:00 ] /v/admin.php/Weibo/index | INFO: Run LocationTemplate Behavior [ RunTime:0.000895s ]
[ 2014-08-27T23:57:58+08:00 ] /v/admin.php/Weibo/index | INFO: Tag[ view_template ] --END-- [ RunTime:0.000972s ]
[ 2014-08-27T23:57:58+08:00 ] /v/admin.php/Weibo/index | INFO: Tag[ view_parse ] --START--
[ 2014-08-27T23:57:58+08:00 ] /v/admin.php/Weibo/index | INFO: Run ParseTemplate Behavior [ RunTime:0.008996s ]
[ 2014-08-27T23:57:58+08:00 ] /v/admin.php/Weibo/index | INFO: Tag[ view_parse ] --END-- [ RunTime:0.009067s ]
[ 2014-08-27T23:57:58+08:00 ] /v/admin.php/Weibo/index | INFO: Tag[ view_filter ] --START--
[ 2014-08-27T23:57:58+08:00 ] /v/admin.php/Weibo/index | INFO: Run ContentReplace Behavior [ RunTime:0.000553s ]
[ 2014-08-27T23:57:58+08:00 ] /v/admin.php/Weibo/index | INFO: Run TokenBuild Behavior [ RunTime:0.000561s ]
[ 2014-08-27T23:57:58+08:00 ] /v/admin.php/Weibo/index | INFO: Run WriteHtmlCache Behavior [ RunTime:0.000420s ]
[ 2014-08-27T23:57:58+08:00 ] /v/admin.php/Weibo/index | INFO: Run ShowRuntime Behavior [ RunTime:0.000625s ]
[ 2014-08-27T23:57:58+08:00 ] /v/admin.php/Weibo/index | INFO: Tag[ view_filter ] --END-- [ RunTime:0.002323s ]
[ 2014-08-27T23:57:58+08:00 ] /v/admin.php/Weibo/index | INFO: Tag[ view_end ] --START--
[ 2014-08-27T23:57:58+08:00 ] /v/admin.php/Weibo/index | INFO: Run ShowPageTrace Behavior [ RunTime:0.000539s ]
[ 2014-08-27T23:57:58+08:00 ] /v/admin.php/Weibo/index | INFO: Tag[ view_end ] --END-- [ RunTime:0.000599s ]
[ 2014-08-27T23:57:58+08:00 ] /v/admin.php/Weibo/turn | INFO: Tag[ route_check ] --START--
[ 2014-08-27T23:57:58+08:00 ] /v/admin.php/Weibo/turn | INFO: Run CheckRoute Behavior [ RunTime:0.001129s ]
[ 2014-08-27T23:57:58+08:00 ] /v/admin.php/Weibo/turn | INFO: Tag[ route_check ] --END-- [ RunTime:0.001261s ]
[ 2014-08-27T23:57:58+08:00 ] /v/admin.php/Weibo/turn | INFO: Tag[ app_begin ] --START--
[ 2014-08-27T23:57:58+08:00 ] /v/admin.php/Weibo/turn | INFO: Run ReadHtmlCache Behavior [ RunTime:0.000724s ]
[ 2014-08-27T23:57:58+08:00 ] /v/admin.php/Weibo/turn | INFO: Tag[ app_begin ] --END-- [ RunTime:0.000802s ]
[ 2014-08-27T23:57:58+08:00 ] /v/admin.php/Weibo/turn | SQL: SHOW COLUMNS FROM `hd_weibo` [ RunTime:0.003325s ]
[ 2014-08-27T23:57:58+08:00 ] /v/admin.php/Weibo/turn | SQL: SELECT COUNT(*) AS tp_count FROM `hd_weibo` WHERE ( `isturn` > 0 ) LIMIT 1   [ RunTime:0.000245s ]
[ 2014-08-27T23:57:58+08:00 ] /v/admin.php/Weibo/turn | SQL: SHOW COLUMNS FROM `hd_userinfo` [ RunTime:0.004207s ]
[ 2014-08-27T23:57:58+08:00 ] /v/admin.php/Weibo/turn | SQL: SELECT weibo.id AS id,weibo.content AS content,weibo.isturn AS isturn,weibo.time AS time,weibo.turn AS turn,weibo.keep AS keep,weibo.comment AS comment,userinfo.uid AS uid,userinfo.username AS username FROM hd_weibo weibo LEFT JOIN hd_userinfo userinfo ON weibo.uid = userinfo.uid WHERE ( weibo.isturn > 0 ) ORDER BY weibo.time DESC LIMIT 0,20   [ RunTime:0.000576s ]
[ 2014-08-27T23:57:58+08:00 ] /v/admin.php/Weibo/turn | INFO: Tag[ view_template ] --START--
[ 2014-08-27T23:57:58+08:00 ] /v/admin.php/Weibo/turn | INFO: Run LocationTemplate Behavior [ RunTime:0.000885s ]
[ 2014-08-27T23:57:58+08:00 ] /v/admin.php/Weibo/turn | INFO: Tag[ view_template ] --END-- [ RunTime:0.000968s ]
[ 2014-08-27T23:57:58+08:00 ] /v/admin.php/Weibo/turn | INFO: Tag[ view_parse ] --START--
[ 2014-08-27T23:57:58+08:00 ] /v/admin.php/Weibo/turn | INFO: Run ParseTemplate Behavior [ RunTime:0.011358s ]
[ 2014-08-27T23:57:58+08:00 ] /v/admin.php/Weibo/turn | INFO: Tag[ view_parse ] --END-- [ RunTime:0.011454s ]
[ 2014-08-27T23:57:58+08:00 ] /v/admin.php/Weibo/turn | INFO: Tag[ view_filter ] --START--
[ 2014-08-27T23:57:58+08:00 ] /v/admin.php/Weibo/turn | INFO: Run ContentReplace Behavior [ RunTime:0.000696s ]
[ 2014-08-27T23:57:58+08:00 ] /v/admin.php/Weibo/turn | INFO: Run TokenBuild Behavior [ RunTime:0.000724s ]
[ 2014-08-27T23:57:58+08:00 ] /v/admin.php/Weibo/turn | INFO: Run WriteHtmlCache Behavior [ RunTime:0.000537s ]
[ 2014-08-27T23:57:58+08:00 ] /v/admin.php/Weibo/turn | INFO: Run ShowRuntime Behavior [ RunTime:0.000741s ]
[ 2014-08-27T23:57:58+08:00 ] /v/admin.php/Weibo/turn | INFO: Tag[ view_filter ] --END-- [ RunTime:0.002916s ]
[ 2014-08-27T23:57:58+08:00 ] /v/admin.php/Weibo/turn | INFO: Tag[ view_end ] --START--
[ 2014-08-27T23:57:58+08:00 ] /v/admin.php/Weibo/turn | INFO: Run ShowPageTrace Behavior [ RunTime:0.000602s ]
[ 2014-08-27T23:57:58+08:00 ] /v/admin.php/Weibo/turn | INFO: Tag[ view_end ] --END-- [ RunTime:0.000674s ]
